2013/02/26 01:14:14 [error] [exception.CException] exception 'CException' with message 'Alias "application.extensions.mbmenu.MbMenu" is invalid. Make sure it points to an existing PHP file and the file is readable.' in /Applications/XAMPP/xamppfiles/htdocs/yii/framework/YiiBase.php:318
Stack trace:
#0 /Applications/XAMPP/xamppfiles/htdocs/yii/framework/web/CWidgetFactory.php(147): YiiBase::import('application.ext...', true)
#1 /Applications/XAMPP/xamppfiles/htdocs/yii/framework/web/CBaseController.php(147): CWidgetFactory->createWidget(Object(SiteController), 'application.ext...', Array)
#2 /Applications/XAMPP/xamppfiles/htdocs/yii/framework/web/CBaseController.php(173): CBaseController->createWidget('application.ext...', Array)
#3 /Applications/XAMPP/xamppfiles/htdocs/gestionp/themes/shadow_dancer/views/layouts/main.php(61): CBaseController->widget('application.ext...', Array)
#4 /Applications/XAMPP/xamppfiles/htdocs/yii/framework/web/CBaseController.php(127): require('/Applications/X...')
#5 /Applications/XAMPP/xamppfiles/htdocs/yii/framework/web/CBaseController.php(96): CBaseController->renderInternal('/Applications/X...', Array, true)
#6 /Applications/XAMPP/xamppfiles/htdocs/yii/framework/web/widgets/CContentDecorator.php(77): CBaseController->renderFile('/Applications/X...', Array, true)
#7 /Applications/XAMPP/xamppfiles/htdocs/yii/framework/web/widgets/CContentDecorator.php(55): CContentDecorator->decorate('<div class="con...')
#8 /Applications/XAMPP/xamppfiles/htdocs/yii/framework/web/widgets/COutputProcessor.php(45): CContentDecorator->processOutput('<div class="con...')
#9 /Applications/XAMPP/xamppfiles/htdocs/yii/framework/web/CBaseController.php(207): COutputProcessor->run()
#10 /Applications/XAMPP/xamppfiles/htdocs/yii/framework/web/CBaseController.php(301): CBaseController->endWidget('CContentDecorat...')
#11 /Applications/XAMPP/xamppfiles/htdocs/gestionp/themes/shadow_dancer/views/layouts/column1.php(7): CBaseController->endContent()
#12 /Applications/XAMPP/xamppfiles/htdocs/yii/framework/web/CBaseController.php(127): require('/Applications/X...')
#13 /Applications/XAMPP/xamppfiles/htdocs/yii/framework/web/CBaseController.php(96): CBaseController->renderInternal('/Applications/X...', Array, true)
#14 /Applications/XAMPP/xamppfiles/htdocs/yii/framework/web/CController.php(785): CBaseController->renderFile('/Applications/X...', Array, true)
#15 /Applications/XAMPP/xamppfiles/htdocs/gestionp/protected/controllers/SiteController.php(32): CController->render('index')
#16 /Applications/XAMPP/xamppfiles/htdocs/yii/framework/web/actions/CInlineAction.php(50): SiteController->actionIndex()
#17 /Applications/XAMPP/xamppfiles/htdocs/yii/framework/web/CController.php(309): CInlineAction->runWithParams(Array)
#18 /Applications/XAMPP/xamppfiles/htdocs/yii/framework/web/CController.php(287): CController->runAction(Object(CInlineAction))
#19 /Applications/XAMPP/xamppfiles/htdocs/yii/framework/web/CController.php(266): CController->runActionWithFilters(Object(CInlineAction), Array)
#20 /Applications/XAMPP/xamppfiles/htdocs/yii/framework/web/CWebApplication.php(283): CController->run('')
#21 /Applications/XAMPP/xamppfiles/htdocs/yii/framework/web/CWebApplication.php(142): CWebApplication->runController('')
#22 /Applications/XAMPP/xamppfiles/htdocs/yii/framework/base/CApplication.php(162): CWebApplication->processRequest()
#23 /Applications/XAMPP/xamppfiles/htdocs/gestionp/index.php(13): CApplication->run()
#24 {main}
REQUEST_URI=/gestionp/
---
2013/02/26 20:22:18 [error] [exception.CHttpException.404] exception 'CHttpException' with message 'Unable to resolve the request "comptence/index".' in /Applications/XAMPP/xamppfiles/htdocs/yii/framework/web/CWebApplication.php:287
Stack trace:
#0 /Applications/XAMPP/xamppfiles/htdocs/yii/framework/web/CWebApplication.php(142): CWebApplication->runController('comptence/index')
#1 /Applications/XAMPP/xamppfiles/htdocs/yii/framework/base/CApplication.php(162): CWebApplication->processRequest()
#2 /Applications/XAMPP/xamppfiles/htdocs/gestionp/index.php(13): CApplication->run()
#3 {main}
REQUEST_URI=/gestionp/index.php?r=comptence/index
---
2013/02/26 20:22:24 [error] [exception.CHttpException.404] exception 'CHttpException' with message 'Unable to resolve the request "competence/index".' in /Applications/XAMPP/xamppfiles/htdocs/yii/framework/web/CWebApplication.php:287
Stack trace:
#0 /Applications/XAMPP/xamppfiles/htdocs/yii/framework/web/CWebApplication.php(142): CWebApplication->runController('competence/inde...')
#1 /Applications/XAMPP/xamppfiles/htdocs/yii/framework/base/CApplication.php(162): CWebApplication->processRequest()
#2 /Applications/XAMPP/xamppfiles/htdocs/gestionp/index.php(13): CApplication->run()
#3 {main}
REQUEST_URI=/gestionp/index.php?r=competence/index
---
2013/02/26 20:23:58 [error] [exception.CException] exception 'CException' with message 'The attribute must be specified in the format of "Name:Type:Label", where "Type" and "Label" are optional.' in /Applications/XAMPP/xamppfiles/htdocs/yii/framework/zii/widgets/CDetailView.php:181
Stack trace:
#0 /Applications/XAMPP/xamppfiles/htdocs/yii/framework/web/CBaseController.php(174): CDetailView->run()
#1 /Applications/XAMPP/xamppfiles/htdocs/gestionp/protected/views/competences/view.php(29): CBaseController->widget('zii.widgets.CDe...', Array)
#2 /Applications/XAMPP/xamppfiles/htdocs/yii/framework/web/CBaseController.php(127): require('/Applications/X...')
#3 /Applications/XAMPP/xamppfiles/htdocs/yii/framework/web/CBaseController.php(96): CBaseController->renderInternal('/Applications/X...', Array, true)
#4 /Applications/XAMPP/xamppfiles/htdocs/yii/framework/web/CController.php(870): CBaseController->renderFile('/Applications/X...', Array, true)
#5 /Applications/XAMPP/xamppfiles/htdocs/yii/framework/web/CController.php(783): CController->renderPartial('view', Array, true)
#6 /Applications/XAMPP/xamppfiles/htdocs/gestionp/protected/controllers/CompetencesController.php(56): CController->render('view', Array)
#7 [internal function]: CompetencesController->actionView('1')
#8 /Applications/XAMPP/xamppfiles/htdocs/yii/framework/web/actions/CAction.php(107): ReflectionMethod->invokeArgs(Object(CompetencesController), Array)
#9 /Applications/XAMPP/xamppfiles/htdocs/yii/framework/web/actions/CInlineAction.php(48): CAction->runWithParamsInternal(Object(CompetencesController), Object(ReflectionMethod), Array)
#10 /Applications/XAMPP/xamppfiles/htdocs/yii/framework/web/CController.php(309): CInlineAction->runWithParams(Array)
#11 /Applications/XAMPP/xamppfiles/htdocs/yii/framework/web/filters/CFilterChain.php(134): CController->runAction(Object(CInlineAction))
#12 /Applications/XAMPP/xamppfiles/htdocs/yii/framework/web/filters/CFilter.php(41): CFilterChain->run()
#13 /Applications/XAMPP/xamppfiles/htdocs/yii/framework/web/CController.php(1146): CFilter->filter(Object(CFilterChain))
#14 /Applications/XAMPP/xamppfiles/htdocs/yii/framework/web/filters/CInlineFilter.php(59): CController->filterAccessControl(Object(CFilterChain))
#15 /Applications/XAMPP/xamppfiles/htdocs/yii/framework/web/filters/CFilterChain.php(131): CInlineFilter->filter(Object(CFilterChain))
#16 /Applications/XAMPP/xamppfiles/htdocs/yii/framework/web/CController.php(292): CFilterChain->run()
#17 /Applications/XAMPP/xamppfiles/htdocs/yii/framework/web/CController.php(266): CController->runActionWithFilters(Object(CInlineAction), Array)
#18 /Applications/XAMPP/xamppfiles/htdocs/yii/framework/web/CWebApplication.php(283): CController->run('view')
#19 /Applications/XAMPP/xamppfiles/htdocs/yii/framework/web/CWebApplication.php(142): CWebApplication->runController('competences/vie...')
#20 /Applications/XAMPP/xamppfiles/htdocs/yii/framework/base/CApplication.php(162): CWebApplication->processRequest()
#21 /Applications/XAMPP/xamppfiles/htdocs/gestionp/index.php(13): CApplication->run()
#22 {main}
REQUEST_URI=/gestionp/index.php?r=competences/view&id=1
HTTP_REFERER=http://192.168.1.3/gestionp/index.php?r=competences/create
---
2013/02/26 20:24:37 [error] [exception.CException] exception 'CException' with message 'The attribute must be specified in the format of "Name:Type:Label", where "Type" and "Label" are optional.' in /Applications/XAMPP/xamppfiles/htdocs/yii/framework/zii/widgets/CDetailView.php:181
Stack trace:
#0 /Applications/XAMPP/xamppfiles/htdocs/yii/framework/web/CBaseController.php(174): CDetailView->run()
#1 /Applications/XAMPP/xamppfiles/htdocs/gestionp/protected/views/competences/view.php(29): CBaseController->widget('zii.widgets.CDe...', Array)
#2 /Applications/XAMPP/xamppfiles/htdocs/yii/framework/web/CBaseController.php(127): require('/Applications/X...')
#3 /Applications/XAMPP/xamppfiles/htdocs/yii/framework/web/CBaseController.php(96): CBaseController->renderInternal('/Applications/X...', Array, true)
#4 /Applications/XAMPP/xamppfiles/htdocs/yii/framework/web/CController.php(870): CBaseController->renderFile('/Applications/X...', Array, true)
#5 /Applications/XAMPP/xamppfiles/htdocs/yii/framework/web/CController.php(783): CController->renderPartial('view', Array, true)
#6 /Applications/XAMPP/xamppfiles/htdocs/gestionp/protected/controllers/CompetencesController.php(56): CController->render('view', Array)
#7 [internal function]: CompetencesController->actionView('2')
#8 /Applications/XAMPP/xamppfiles/htdocs/yii/framework/web/actions/CAction.php(107): ReflectionMethod->invokeArgs(Object(CompetencesController), Array)
#9 /Applications/XAMPP/xamppfiles/htdocs/yii/framework/web/actions/CInlineAction.php(48): CAction->runWithParamsInternal(Object(CompetencesController), Object(ReflectionMethod), Array)
#10 /Applications/XAMPP/xamppfiles/htdocs/yii/framework/web/CController.php(309): CInlineAction->runWithParams(Array)
#11 /Applications/XAMPP/xamppfiles/htdocs/yii/framework/web/filters/CFilterChain.php(134): CController->runAction(Object(CInlineAction))
#12 /Applications/XAMPP/xamppfiles/htdocs/yii/framework/web/filters/CFilter.php(41): CFilterChain->run()
#13 /Applications/XAMPP/xamppfiles/htdocs/yii/framework/web/CController.php(1146): CFilter->filter(Object(CFilterChain))
#14 /Applications/XAMPP/xamppfiles/htdocs/yii/framework/web/filters/CInlineFilter.php(59): CController->filterAccessControl(Object(CFilterChain))
#15 /Applications/XAMPP/xamppfiles/htdocs/yii/framework/web/filters/CFilterChain.php(131): CInlineFilter->filter(Object(CFilterChain))
#16 /Applications/XAMPP/xamppfiles/htdocs/yii/framework/web/CController.php(292): CFilterChain->run()
#17 /Applications/XAMPP/xamppfiles/htdocs/yii/framework/web/CController.php(266): CController->runActionWithFilters(Object(CInlineAction), Array)
#18 /Applications/XAMPP/xamppfiles/htdocs/yii/framework/web/CWebApplication.php(283): CController->run('view')
#19 /Applications/XAMPP/xamppfiles/htdocs/yii/framework/web/CWebApplication.php(142): CWebApplication->runController('competences/vie...')
#20 /Applications/XAMPP/xamppfiles/htdocs/yii/framework/base/CApplication.php(162): CWebApplication->processRequest()
#21 /Applications/XAMPP/xamppfiles/htdocs/gestionp/index.php(13): CApplication->run()
#22 {main}
REQUEST_URI=/gestionp/index.php?r=competences/view&id=2
HTTP_REFERER=http://192.168.1.3/gestionp/index.php?r=competences/create
---
2013/02/26 20:25:18 [error] [exception.CException] exception 'CException' with message 'The attribute must be specified in the format of "Name:Type:Label", where "Type" and "Label" are optional.' in /Applications/XAMPP/xamppfiles/htdocs/yii/framework/zii/widgets/CDetailView.php:181
Stack trace:
#0 /Applications/XAMPP/xamppfiles/htdocs/yii/framework/web/CBaseController.php(174): CDetailView->run()
#1 /Applications/XAMPP/xamppfiles/htdocs/gestionp/protected/views/competences/view.php(29): CBaseController->widget('zii.widgets.CDe...', Array)
#2 /Applications/XAMPP/xamppfiles/htdocs/yii/framework/web/CBaseController.php(127): require('/Applications/X...')
#3 /Applications/XAMPP/xamppfiles/htdocs/yii/framework/web/CBaseController.php(96): CBaseController->renderInternal('/Applications/X...', Array, true)
#4 /Applications/XAMPP/xamppfiles/htdocs/yii/framework/web/CController.php(870): CBaseController->renderFile('/Applications/X...', Array, true)
#5 /Applications/XAMPP/xamppfiles/htdocs/yii/framework/web/CController.php(783): CController->renderPartial('view', Array, true)
#6 /Applications/XAMPP/xamppfiles/htdocs/gestionp/protected/controllers/CompetencesController.php(56): CController->render('view', Array)
#7 [internal function]: CompetencesController->actionView('3')
#8 /Applications/XAMPP/xamppfiles/htdocs/yii/framework/web/actions/CAction.php(107): ReflectionMethod->invokeArgs(Object(CompetencesController), Array)
#9 /Applications/XAMPP/xamppfiles/htdocs/yii/framework/web/actions/CInlineAction.php(48): CAction->runWithParamsInternal(Object(CompetencesController), Object(ReflectionMethod), Array)
#10 /Applications/XAMPP/xamppfiles/htdocs/yii/framework/web/CController.php(309): CInlineAction->runWithParams(Array)
#11 /Applications/XAMPP/xamppfiles/htdocs/yii/framework/web/filters/CFilterChain.php(134): CController->runAction(Object(CInlineAction))
#12 /Applications/XAMPP/xamppfiles/htdocs/yii/framework/web/filters/CFilter.php(41): CFilterChain->run()
#13 /Applications/XAMPP/xamppfiles/htdocs/yii/framework/web/CController.php(1146): CFilter->filter(Object(CFilterChain))
#14 /Applications/XAMPP/xamppfiles/htdocs/yii/framework/web/filters/CInlineFilter.php(59): CController->filterAccessControl(Object(CFilterChain))
#15 /Applications/XAMPP/xamppfiles/htdocs/yii/framework/web/filters/CFilterChain.php(131): CInlineFilter->filter(Object(CFilterChain))
#16 /Applications/XAMPP/xamppfiles/htdocs/yii/framework/web/CController.php(292): CFilterChain->run()
#17 /Applications/XAMPP/xamppfiles/htdocs/yii/framework/web/CController.php(266): CController->runActionWithFilters(Object(CInlineAction), Array)
#18 /Applications/XAMPP/xamppfiles/htdocs/yii/framework/web/CWebApplication.php(283): CController->run('view')
#19 /Applications/XAMPP/xamppfiles/htdocs/yii/framework/web/CWebApplication.php(142): CWebApplication->runController('competences/vie...')
#20 /Applications/XAMPP/xamppfiles/htdocs/yii/framework/base/CApplication.php(162): CWebApplication->processRequest()
#21 /Applications/XAMPP/xamppfiles/htdocs/gestionp/index.php(13): CApplication->run()
#22 {main}
REQUEST_URI=/gestionp/index.php?r=competences/view&id=3
HTTP_REFERER=http://192.168.1.3/gestionp/index.php?r=competences/create
---
2013/02/26 20:25:41 [error] [exception.CException] exception 'CException' with message 'The attribute must be specified in the format of "Name:Type:Label", where "Type" and "Label" are optional.' in /Applications/XAMPP/xamppfiles/htdocs/yii/framework/zii/widgets/CDetailView.php:181
Stack trace:
#0 /Applications/XAMPP/xamppfiles/htdocs/yii/framework/web/CBaseController.php(174): CDetailView->run()
#1 /Applications/XAMPP/xamppfiles/htdocs/gestionp/protected/views/competences/view.php(29): CBaseController->widget('zii.widgets.CDe...', Array)
#2 /Applications/XAMPP/xamppfiles/htdocs/yii/framework/web/CBaseController.php(127): require('/Applications/X...')
#3 /Applications/XAMPP/xamppfiles/htdocs/yii/framework/web/CBaseController.php(96): CBaseController->renderInternal('/Applications/X...', Array, true)
#4 /Applications/XAMPP/xamppfiles/htdocs/yii/framework/web/CController.php(870): CBaseController->renderFile('/Applications/X...', Array, true)
#5 /Applications/XAMPP/xamppfiles/htdocs/yii/framework/web/CController.php(783): CController->renderPartial('view', Array, true)
#6 /Applications/XAMPP/xamppfiles/htdocs/gestionp/protected/controllers/CompetencesController.php(56): CController->render('view', Array)
#7 [internal function]: CompetencesController->actionView('4')
#8 /Applications/XAMPP/xamppfiles/htdocs/yii/framework/web/actions/CAction.php(107): ReflectionMethod->invokeArgs(Object(CompetencesController), Array)
#9 /Applications/XAMPP/xamppfiles/htdocs/yii/framework/web/actions/CInlineAction.php(48): CAction->runWithParamsInternal(Object(CompetencesController), Object(ReflectionMethod), Array)
#10 /Applications/XAMPP/xamppfiles/htdocs/yii/framework/web/CController.php(309): CInlineAction->runWithParams(Array)
#11 /Applications/XAMPP/xamppfiles/htdocs/yii/framework/web/filters/CFilterChain.php(134): CController->runAction(Object(CInlineAction))
#12 /Applications/XAMPP/xamppfiles/htdocs/yii/framework/web/filters/CFilter.php(41): CFilterChain->run()
#13 /Applications/XAMPP/xamppfiles/htdocs/yii/framework/web/CController.php(1146): CFilter->filter(Object(CFilterChain))
#14 /Applications/XAMPP/xamppfiles/htdocs/yii/framework/web/filters/CInlineFilter.php(59): CController->filterAccessControl(Object(CFilterChain))
#15 /Applications/XAMPP/xamppfiles/htdocs/yii/framework/web/filters/CFilterChain.php(131): CInlineFilter->filter(Object(CFilterChain))
#16 /Applications/XAMPP/xamppfiles/htdocs/yii/framework/web/CController.php(292): CFilterChain->run()
#17 /Applications/XAMPP/xamppfiles/htdocs/yii/framework/web/CController.php(266): CController->runActionWithFilters(Object(CInlineAction), Array)
#18 /Applications/XAMPP/xamppfiles/htdocs/yii/framework/web/CWebApplication.php(283): CController->run('view')
#19 /Applications/XAMPP/xamppfiles/htdocs/yii/framework/web/CWebApplication.php(142): CWebApplication->runController('competences/vie...')
#20 /Applications/XAMPP/xamppfiles/htdocs/yii/framework/base/CApplication.php(162): CWebApplication->processRequest()
#21 /Applications/XAMPP/xamppfiles/htdocs/gestionp/index.php(13): CApplication->run()
#22 {main}
REQUEST_URI=/gestionp/index.php?r=competences/view&id=4
HTTP_REFERER=http://localhost/gestionp/index.php?r=competences/create
---
2013/02/26 20:37:25 [error] [exception.CHttpException.404] exception 'CHttpException' with message 'The requested page does not exist.' in /Applications/XAMPP/xamppfiles/htdocs/gestionp/protected/controllers/CompetencesController.php:155
Stack trace:
#0 /Applications/XAMPP/xamppfiles/htdocs/gestionp/protected/controllers/CompetencesController.php(55): CompetencesController->loadModel('5')
#1 [internal function]: CompetencesController->actionView('5')
#2 /Applications/XAMPP/xamppfiles/htdocs/yii/framework/web/actions/CAction.php(107): ReflectionMethod->invokeArgs(Object(CompetencesController), Array)
#3 /Applications/XAMPP/xamppfiles/htdocs/yii/framework/web/actions/CInlineAction.php(48): CAction->runWithParamsInternal(Object(CompetencesController), Object(ReflectionMethod), Array)
#4 /Applications/XAMPP/xamppfiles/htdocs/yii/framework/web/CController.php(309): CInlineAction->runWithParams(Array)
#5 /Applications/XAMPP/xamppfiles/htdocs/yii/framework/web/filters/CFilterChain.php(134): CController->runAction(Object(CInlineAction))
#6 /Applications/XAMPP/xamppfiles/htdocs/yii/framework/web/filters/CFilter.php(41): CFilterChain->run()
#7 /Applications/XAMPP/xamppfiles/htdocs/yii/framework/web/CController.php(1146): CFilter->filter(Object(CFilterChain))
#8 /Applications/XAMPP/xamppfiles/htdocs/yii/framework/web/filters/CInlineFilter.php(59): CController->filterAccessControl(Object(CFilterChain))
#9 /Applications/XAMPP/xamppfiles/htdocs/yii/framework/web/filters/CFilterChain.php(131): CInlineFilter->filter(Object(CFilterChain))
#10 /Applications/XAMPP/xamppfiles/htdocs/yii/framework/web/CController.php(292): CFilterChain->run()
#11 /Applications/XAMPP/xamppfiles/htdocs/yii/framework/web/CController.php(266): CController->runActionWithFilters(Object(CInlineAction), Array)
#12 /Applications/XAMPP/xamppfiles/htdocs/yii/framework/web/CWebApplication.php(283): CController->run('view')
#13 /Applications/XAMPP/xamppfiles/htdocs/yii/framework/web/CWebApplication.php(142): CWebApplication->runController('competences/vie...')
#14 /Applications/XAMPP/xamppfiles/htdocs/yii/framework/base/CApplication.php(162): CWebApplication->processRequest()
#15 /Applications/XAMPP/xamppfiles/htdocs/gestionp/index.php(13): CApplication->run()
#16 {main}
REQUEST_URI=/gestionp/index.php?r=competences/view&id=5
HTTP_REFERER=http://192.168.1.3/gestionp/index.php?r=competences/create
---
2013/02/26 22:29:07 [error] [system.db.CDbCommand] CDbCommand::fetchAll() failed: SQLSTATE[42S22]: Column not found: 1054 Unknown column 'cin' in 'order clause'. The SQL statement executed was: SELECT * FROM `type_comp` `t` ORDER BY cin.
in /Applications/XAMPP/xamppfiles/htdocs/gestionp/protected/views/servicesupervise/_form.php (5)
in /Applications/XAMPP/xamppfiles/htdocs/gestionp/protected/views/servicesupervise/create.php (18)
in /Applications/XAMPP/xamppfiles/htdocs/gestionp/protected/controllers/ServicesuperviseController.php (79)
2013/02/26 22:29:07 [error] [exception.CDbException] exception 'CDbException' with message 'CDbCommand failed to execute the SQL statement: SQLSTATE[42S22]: Column not found: 1054 Unknown column 'cin' in 'order clause'. The SQL statement executed was: SELECT * FROM `type_comp` `t` ORDER BY cin' in /Applications/XAMPP/xamppfiles/htdocs/yii/framework/db/CDbCommand.php:528
Stack trace:
#0 /Applications/XAMPP/xamppfiles/htdocs/yii/framework/db/CDbCommand.php(390): CDbCommand->queryInternal('fetchAll', Array, Array)
#1 /Applications/XAMPP/xamppfiles/htdocs/yii/framework/db/ar/CActiveRecord.php(1291): CDbCommand->queryAll()
#2 /Applications/XAMPP/xamppfiles/htdocs/yii/framework/db/ar/CActiveRecord.php(1410): CActiveRecord->query(Object(CDbCriteria), true)
#3 /Applications/XAMPP/xamppfiles/htdocs/gestionp/protected/views/servicesupervise/_form.php(5): CActiveRecord->findAll(Array)
#4 /Applications/XAMPP/xamppfiles/htdocs/yii/framework/web/CBaseController.php(127): require('/Applications/X...')
#5 /Applications/XAMPP/xamppfiles/htdocs/yii/framework/web/CBaseController.php(96): CBaseController->renderInternal('/Applications/X...', Array, true)
#6 /Applications/XAMPP/xamppfiles/htdocs/yii/framework/web/CController.php(870): CBaseController->renderFile('/Applications/X...', Array, true)
#7 /Applications/XAMPP/xamppfiles/htdocs/gestionp/protected/views/servicesupervise/create.php(18): CController->renderPartial('_form', Array)
#8 /Applications/XAMPP/xamppfiles/htdocs/yii/framework/web/CBaseController.php(127): require('/Applications/X...')
#9 /Applications/XAMPP/xamppfiles/htdocs/yii/framework/web/CBaseController.php(96): CBaseController->renderInternal('/Applications/X...', Array, true)
#10 /Applications/XAMPP/xamppfiles/htdocs/yii/framework/web/CController.php(870): CBaseController->renderFile('/Applications/X...', Array, true)
#11 /Applications/XAMPP/xamppfiles/htdocs/yii/framework/web/CController.php(783): CController->renderPartial('create', Array, true)
#12 /Applications/XAMPP/xamppfiles/htdocs/gestionp/protected/controllers/ServicesuperviseController.php(79): CController->render('create', Array)
#13 /Applications/XAMPP/xamppfiles/htdocs/yii/framework/web/actions/CInlineAction.php(50): ServiceSuperviseController->actionCreate()
#14 /Applications/XAMPP/xamppfiles/htdocs/yii/framework/web/CController.php(309): CInlineAction->runWithParams(Array)
#15 /Applications/XAMPP/xamppfiles/htdocs/yii/framework/web/filters/CFilterChain.php(134): CController->runAction(Object(CInlineAction))
#16 /Applications/XAMPP/xamppfiles/htdocs/yii/framework/web/filters/CFilter.php(41): CFilterChain->run()
#17 /Applications/XAMPP/xamppfiles/htdocs/yii/framework/web/CController.php(1146): CFilter->filter(Object(CFilterChain))
#18 /Applications/XAMPP/xamppfiles/htdocs/yii/framework/web/filters/CInlineFilter.php(59): CController->filterAccessControl(Object(CFilterChain))
#19 /Applications/XAMPP/xamppfiles/htdocs/yii/framework/web/filters/CFilterChain.php(131): CInlineFilter->filter(Object(CFilterChain))
#20 /Applications/XAMPP/xamppfiles/htdocs/yii/framework/web/CController.php(292): CFilterChain->run()
#21 /Applications/XAMPP/xamppfiles/htdocs/yii/framework/web/CController.php(266): CController->runActionWithFilters(Object(CInlineAction), Array)
#22 /Applications/XAMPP/xamppfiles/htdocs/yii/framework/web/CWebApplication.php(283): CController->run('create')
#23 /Applications/XAMPP/xamppfiles/htdocs/yii/framework/web/CWebApplication.php(142): CWebApplication->runController('servicesupervis...')
#24 /Applications/XAMPP/xamppfiles/htdocs/yii/framework/base/CApplication.php(162): CWebApplication->processRequest()
#25 /Applications/XAMPP/xamppfiles/htdocs/gestionp/index.php(13): CApplication->run()
#26 {main}
REQUEST_URI=/gestionp/index.php?r=servicesupervise/create
HTTP_REFERER=http://192.168.1.3/gestionp/index.php?r=servicesupervise/admin
---
2013/02/27 09:21:40 [error] [php] htmlspecialchars() expects parameter 1 to be string, array given (/Applications/XAMPP/xamppfiles/htdocs/yii/framework/web/helpers/CHtml.php:85)
Stack trace:
#0 /Applications/XAMPP/xamppfiles/htdocs/yii/framework/web/helpers/CHtml.php(140): renderAttributes()
#1 /Applications/XAMPP/xamppfiles/htdocs/yii/framework/web/helpers/CHtml.php(1525): tag()
#2 /Applications/XAMPP/xamppfiles/htdocs/yii/framework/web/widgets/CActiveForm.php(764): activeDropDownList()
#3 /Applications/XAMPP/xamppfiles/htdocs/gestionp/protected/views/competences/_form.php(47): CActiveForm->dropDownList()
#4 /Applications/XAMPP/xamppfiles/htdocs/yii/framework/web/CBaseController.php(127): require()
#5 /Applications/XAMPP/xamppfiles/htdocs/yii/framework/web/CBaseController.php(96): CompetencesController->renderInternal()
#6 /Applications/XAMPP/xamppfiles/htdocs/yii/framework/web/CController.php(870): CompetencesController->renderFile()
#7 /Applications/XAMPP/xamppfiles/htdocs/gestionp/protected/views/competences/update.php(21): CompetencesController->renderPartial()
#8 /Applications/XAMPP/xamppfiles/htdocs/yii/framework/web/CBaseController.php(127): require()
#9 /Applications/XAMPP/xamppfiles/htdocs/yii/framework/web/CBaseController.php(96): CompetencesController->renderInternal()
#10 /Applications/XAMPP/xamppfiles/htdocs/yii/framework/web/CController.php(870): CompetencesController->renderFile()
#11 /Applications/XAMPP/xamppfiles/htdocs/yii/framework/web/CController.php(783): CompetencesController->renderPartial()
#12 /Applications/XAMPP/xamppfiles/htdocs/gestionp/protected/controllers/CompetencesController.php(103): CompetencesController->render()
#13 unknown(0): CompetencesController->actionUpdate()
#14 /Applications/XAMPP/xamppfiles/htdocs/yii/framework/web/actions/CAction.php(107): ReflectionMethod->invokeArgs()
#15 /Applications/XAMPP/xamppfiles/htdocs/yii/framework/web/actions/CInlineAction.php(48): CInlineAction->runWithParamsInternal()
#16 /Applications/XAMPP/xamppfiles/htdocs/yii/framework/web/CController.php(309): CInlineAction->runWithParams()
#17 /Applications/XAMPP/xamppfiles/htdocs/yii/framework/web/filters/CFilterChain.php(134): CompetencesController->runAction()
#18 /Applications/XAMPP/xamppfiles/htdocs/yii/framework/web/filters/CFilter.php(41): CFilterChain->run()
#19 /Applications/XAMPP/xamppfiles/htdocs/yii/framework/web/CController.php(1146): CAccessControlFilter->filter()
#20 /Applications/XAMPP/xamppfiles/htdocs/yii/framework/web/filters/CInlineFilter.php(59): CompetencesController->filterAccessControl()
#21 /Applications/XAMPP/xamppfiles/htdocs/yii/framework/web/filters/CFilterChain.php(131): CInlineFilter->filter()
#22 /Applications/XAMPP/xamppfiles/htdocs/yii/framework/web/CController.php(292): CFilterChain->run()
#23 /Applications/XAMPP/xamppfiles/htdocs/yii/framework/web/CController.php(266): CompetencesController->runActionWithFilters()
#24 /Applications/XAMPP/xamppfiles/htdocs/yii/framework/web/CWebApplication.php(283): CompetencesController->run()
#25 /Applications/XAMPP/xamppfiles/htdocs/yii/framework/web/CWebApplication.php(142): CWebApplication->runController()
#26 /Applications/XAMPP/xamppfiles/htdocs/yii/framework/base/CApplication.php(162): CWebApplication->processRequest()
#27 /Applications/XAMPP/xamppfiles/htdocs/gestionp/index.php(13): CWebApplication->run()
REQUEST_URI=/gestionp/index.php?r=competences/update&id=11
in /Applications/XAMPP/xamppfiles/htdocs/gestionp/protected/views/competences/_form.php (47)
in /Applications/XAMPP/xamppfiles/htdocs/gestionp/protected/views/competences/update.php (21)
in /Applications/XAMPP/xamppfiles/htdocs/gestionp/protected/controllers/CompetencesController.php (103)
2013/02/27 09:33:00 [error] [php] include(Manger.php) [<a href='function.include'>function.include</a>]: failed to open stream: No such file or directory (/Applications/XAMPP/xamppfiles/htdocs/yii/framework/YiiBase.php:423)
Stack trace:
#0 /Applications/XAMPP/xamppfiles/htdocs/gestionp/protected/views/servicesupervise/_form.php(5): spl_autoload_call()
#1 /Applications/XAMPP/xamppfiles/htdocs/yii/framework/web/CBaseController.php(127): require()
#2 /Applications/XAMPP/xamppfiles/htdocs/yii/framework/web/CBaseController.php(96): ServiceSuperviseController->renderInternal()
#3 /Applications/XAMPP/xamppfiles/htdocs/yii/framework/web/CController.php(870): ServiceSuperviseController->renderFile()
#4 /Applications/XAMPP/xamppfiles/htdocs/gestionp/protected/views/servicesupervise/create.php(18): ServiceSuperviseController->renderPartial()
#5 /Applications/XAMPP/xamppfiles/htdocs/yii/framework/web/CBaseController.php(127): require()
#6 /Applications/XAMPP/xamppfiles/htdocs/yii/framework/web/CBaseController.php(96): ServiceSuperviseController->renderInternal()
#7 /Applications/XAMPP/xamppfiles/htdocs/yii/framework/web/CController.php(870): ServiceSuperviseController->renderFile()
#8 /Applications/XAMPP/xamppfiles/htdocs/yii/framework/web/CController.php(783): ServiceSuperviseController->renderPartial()
#9 /Applications/XAMPP/xamppfiles/htdocs/gestionp/protected/controllers/ServicesuperviseController.php(79): ServiceSuperviseController->render()
#10 /Applications/XAMPP/xamppfiles/htdocs/yii/framework/web/actions/CInlineAction.php(50): ServiceSuperviseController->actionCreate()
#11 /Applications/XAMPP/xamppfiles/htdocs/yii/framework/web/CController.php(309): CInlineAction->runWithParams()
#12 /Applications/XAMPP/xamppfiles/htdocs/yii/framework/web/filters/CFilterChain.php(134): ServiceSuperviseController->runAction()
#13 /Applications/XAMPP/xamppfiles/htdocs/yii/framework/web/filters/CFilter.php(41): CFilterChain->run()
#14 /Applications/XAMPP/xamppfiles/htdocs/yii/framework/web/CController.php(1146): CAccessControlFilter->filter()
#15 /Applications/XAMPP/xamppfiles/htdocs/yii/framework/web/filters/CInlineFilter.php(59): ServiceSuperviseController->filterAccessControl()
#16 /Applications/XAMPP/xamppfiles/htdocs/yii/framework/web/filters/CFilterChain.php(131): CInlineFilter->filter()
#17 /Applications/XAMPP/xamppfiles/htdocs/yii/framework/web/CController.php(292): CFilterChain->run()
#18 /Applications/XAMPP/xamppfiles/htdocs/yii/framework/web/CController.php(266): ServiceSuperviseController->runActionWithFilters()
#19 /Applications/XAMPP/xamppfiles/htdocs/yii/framework/web/CWebApplication.php(283): ServiceSuperviseController->run()
#20 /Applications/XAMPP/xamppfiles/htdocs/yii/framework/web/CWebApplication.php(142): CWebApplication->runController()
#21 /Applications/XAMPP/xamppfiles/htdocs/yii/framework/base/CApplication.php(162): CWebApplication->processRequest()
#22 /Applications/XAMPP/xamppfiles/htdocs/gestionp/index.php(13): CWebApplication->run()
REQUEST_URI=/gestionp/index.php?r=servicesupervise/create
in /Applications/XAMPP/xamppfiles/htdocs/gestionp/protected/views/servicesupervise/_form.php (5)
in /Applications/XAMPP/xamppfiles/htdocs/gestionp/protected/views/servicesupervise/create.php (18)
in /Applications/XAMPP/xamppfiles/htdocs/gestionp/protected/controllers/ServicesuperviseController.php (79)
2013/02/27 09:33:21 [error] [php] include(Manger.php) [<a href='function.include'>function.include</a>]: failed to open stream: No such file or directory (/Applications/XAMPP/xamppfiles/htdocs/yii/framework/YiiBase.php:423)
Stack trace:
#0 /Applications/XAMPP/xamppfiles/htdocs/gestionp/protected/views/servicesupervise/_form.php(5): spl_autoload_call()
#1 /Applications/XAMPP/xamppfiles/htdocs/yii/framework/web/CBaseController.php(127): require()
#2 /Applications/XAMPP/xamppfiles/htdocs/yii/framework/web/CBaseController.php(96): ServiceSuperviseController->renderInternal()
#3 /Applications/XAMPP/xamppfiles/htdocs/yii/framework/web/CController.php(870): ServiceSuperviseController->renderFile()
#4 /Applications/XAMPP/xamppfiles/htdocs/gestionp/protected/views/servicesupervise/create.php(18): ServiceSuperviseController->renderPartial()
#5 /Applications/XAMPP/xamppfiles/htdocs/yii/framework/web/CBaseController.php(127): require()
#6 /Applications/XAMPP/xamppfiles/htdocs/yii/framework/web/CBaseController.php(96): ServiceSuperviseController->renderInternal()
#7 /Applications/XAMPP/xamppfiles/htdocs/yii/framework/web/CController.php(870): ServiceSuperviseController->renderFile()
#8 /Applications/XAMPP/xamppfiles/htdocs/yii/framework/web/CController.php(783): ServiceSuperviseController->renderPartial()
#9 /Applications/XAMPP/xamppfiles/htdocs/gestionp/protected/controllers/ServicesuperviseController.php(79): ServiceSuperviseController->render()
#10 /Applications/XAMPP/xamppfiles/htdocs/yii/framework/web/actions/CInlineAction.php(50): ServiceSuperviseController->actionCreate()
#11 /Applications/XAMPP/xamppfiles/htdocs/yii/framework/web/CController.php(309): CInlineAction->runWithParams()
#12 /Applications/XAMPP/xamppfiles/htdocs/yii/framework/web/filters/CFilterChain.php(134): ServiceSuperviseController->runAction()
#13 /Applications/XAMPP/xamppfiles/htdocs/yii/framework/web/filters/CFilter.php(41): CFilterChain->run()
#14 /Applications/XAMPP/xamppfiles/htdocs/yii/framework/web/CController.php(1146): CAccessControlFilter->filter()
#15 /Applications/XAMPP/xamppfiles/htdocs/yii/framework/web/filters/CInlineFilter.php(59): ServiceSuperviseController->filterAccessControl()
#16 /Applications/XAMPP/xamppfiles/htdocs/yii/framework/web/filters/CFilterChain.php(131): CInlineFilter->filter()
#17 /Applications/XAMPP/xamppfiles/htdocs/yii/framework/web/CController.php(292): CFilterChain->run()
#18 /Applications/XAMPP/xamppfiles/htdocs/yii/framework/web/CController.php(266): ServiceSuperviseController->runActionWithFilters()
#19 /Applications/XAMPP/xamppfiles/htdocs/yii/framework/web/CWebApplication.php(283): ServiceSuperviseController->run()
#20 /Applications/XAMPP/xamppfiles/htdocs/yii/framework/web/CWebApplication.php(142): CWebApplication->runController()
#21 /Applications/XAMPP/xamppfiles/htdocs/yii/framework/base/CApplication.php(162): CWebApplication->processRequest()
#22 /Applications/XAMPP/xamppfiles/htdocs/gestionp/index.php(13): CWebApplication->run()
REQUEST_URI=/gestionp/index.php?r=servicesupervise/create
in /Applications/XAMPP/xamppfiles/htdocs/gestionp/protected/views/servicesupervise/_form.php (5)
in /Applications/XAMPP/xamppfiles/htdocs/gestionp/protected/views/servicesupervise/create.php (18)
in /Applications/XAMPP/xamppfiles/htdocs/gestionp/protected/controllers/ServicesuperviseController.php (79)
2013/02/27 09:33:24 [error] [php] include(Manger.php) [<a href='function.include'>function.include</a>]: failed to open stream: No such file or directory (/Applications/XAMPP/xamppfiles/htdocs/yii/framework/YiiBase.php:423)
Stack trace:
#0 /Applications/XAMPP/xamppfiles/htdocs/gestionp/protected/views/servicesupervise/_form.php(5): spl_autoload_call()
#1 /Applications/XAMPP/xamppfiles/htdocs/yii/framework/web/CBaseController.php(127): require()
#2 /Applications/XAMPP/xamppfiles/htdocs/yii/framework/web/CBaseController.php(96): ServiceSuperviseController->renderInternal()
#3 /Applications/XAMPP/xamppfiles/htdocs/yii/framework/web/CController.php(870): ServiceSuperviseController->renderFile()
#4 /Applications/XAMPP/xamppfiles/htdocs/gestionp/protected/views/servicesupervise/create.php(18): ServiceSuperviseController->renderPartial()
#5 /Applications/XAMPP/xamppfiles/htdocs/yii/framework/web/CBaseController.php(127): require()
#6 /Applications/XAMPP/xamppfiles/htdocs/yii/framework/web/CBaseController.php(96): ServiceSuperviseController->renderInternal()
#7 /Applications/XAMPP/xamppfiles/htdocs/yii/framework/web/CController.php(870): ServiceSuperviseController->renderFile()
#8 /Applications/XAMPP/xamppfiles/htdocs/yii/framework/web/CController.php(783): ServiceSuperviseController->renderPartial()
#9 /Applications/XAMPP/xamppfiles/htdocs/gestionp/protected/controllers/ServicesuperviseController.php(79): ServiceSuperviseController->render()
#10 /Applications/XAMPP/xamppfiles/htdocs/yii/framework/web/actions/CInlineAction.php(50): ServiceSuperviseController->actionCreate()
#11 /Applications/XAMPP/xamppfiles/htdocs/yii/framework/web/CController.php(309): CInlineAction->runWithParams()
#12 /Applications/XAMPP/xamppfiles/htdocs/yii/framework/web/filters/CFilterChain.php(134): ServiceSuperviseController->runAction()
#13 /Applications/XAMPP/xamppfiles/htdocs/yii/framework/web/filters/CFilter.php(41): CFilterChain->run()
#14 /Applications/XAMPP/xamppfiles/htdocs/yii/framework/web/CController.php(1146): CAccessControlFilter->filter()
#15 /Applications/XAMPP/xamppfiles/htdocs/yii/framework/web/filters/CInlineFilter.php(59): ServiceSuperviseController->filterAccessControl()
#16 /Applications/XAMPP/xamppfiles/htdocs/yii/framework/web/filters/CFilterChain.php(131): CInlineFilter->filter()
#17 /Applications/XAMPP/xamppfiles/htdocs/yii/framework/web/CController.php(292): CFilterChain->run()
#18 /Applications/XAMPP/xamppfiles/htdocs/yii/framework/web/CController.php(266): ServiceSuperviseController->runActionWithFilters()
#19 /Applications/XAMPP/xamppfiles/htdocs/yii/framework/web/CWebApplication.php(283): ServiceSuperviseController->run()
#20 /Applications/XAMPP/xamppfiles/htdocs/yii/framework/web/CWebApplication.php(142): CWebApplication->runController()
#21 /Applications/XAMPP/xamppfiles/htdocs/yii/framework/base/CApplication.php(162): CWebApplication->processRequest()
#22 /Applications/XAMPP/xamppfiles/htdocs/gestionp/index.php(13): CWebApplication->run()
REQUEST_URI=/gestionp/index.php?r=servicesupervise/create
in /Applications/XAMPP/xamppfiles/htdocs/gestionp/protected/views/servicesupervise/_form.php (5)
in /Applications/XAMPP/xamppfiles/htdocs/gestionp/protected/views/servicesupervise/create.php (18)
in /Applications/XAMPP/xamppfiles/htdocs/gestionp/protected/controllers/ServicesuperviseController.php (79)
2013/02/27 09:34:23 [error] [php] include(Manger.php) [<a href='function.include'>function.include</a>]: failed to open stream: No such file or directory (/Applications/XAMPP/xamppfiles/htdocs/yii/framework/YiiBase.php:423)
Stack trace:
#0 /Applications/XAMPP/xamppfiles/htdocs/gestionp/protected/views/servicesupervise/_form.php(5): spl_autoload_call()
#1 /Applications/XAMPP/xamppfiles/htdocs/yii/framework/web/CBaseController.php(127): require()
#2 /Applications/XAMPP/xamppfiles/htdocs/yii/framework/web/CBaseController.php(96): ServiceSuperviseController->renderInternal()
#3 /Applications/XAMPP/xamppfiles/htdocs/yii/framework/web/CController.php(870): ServiceSuperviseController->renderFile()
#4 /Applications/XAMPP/xamppfiles/htdocs/gestionp/protected/views/servicesupervise/create.php(18): ServiceSuperviseController->renderPartial()
#5 /Applications/XAMPP/xamppfiles/htdocs/yii/framework/web/CBaseController.php(127): require()
#6 /Applications/XAMPP/xamppfiles/htdocs/yii/framework/web/CBaseController.php(96): ServiceSuperviseController->renderInternal()
#7 /Applications/XAMPP/xamppfiles/htdocs/yii/framework/web/CController.php(870): ServiceSuperviseController->renderFile()
#8 /Applications/XAMPP/xamppfiles/htdocs/yii/framework/web/CController.php(783): ServiceSuperviseController->renderPartial()
#9 /Applications/XAMPP/xamppfiles/htdocs/gestionp/protected/controllers/ServicesuperviseController.php(79): ServiceSuperviseController->render()
#10 /Applications/XAMPP/xamppfiles/htdocs/yii/framework/web/actions/CInlineAction.php(50): ServiceSuperviseController->actionCreate()
#11 /Applications/XAMPP/xamppfiles/htdocs/yii/framework/web/CController.php(309): CInlineAction->runWithParams()
#12 /Applications/XAMPP/xamppfiles/htdocs/yii/framework/web/filters/CFilterChain.php(134): ServiceSuperviseController->runAction()
#13 /Applications/XAMPP/xamppfiles/htdocs/yii/framework/web/filters/CFilter.php(41): CFilterChain->run()
#14 /Applications/XAMPP/xamppfiles/htdocs/yii/framework/web/CController.php(1146): CAccessControlFilter->filter()
#15 /Applications/XAMPP/xamppfiles/htdocs/yii/framework/web/filters/CInlineFilter.php(59): ServiceSuperviseController->filterAccessControl()
#16 /Applications/XAMPP/xamppfiles/htdocs/yii/framework/web/filters/CFilterChain.php(131): CInlineFilter->filter()
#17 /Applications/XAMPP/xamppfiles/htdocs/yii/framework/web/CController.php(292): CFilterChain->run()
#18 /Applications/XAMPP/xamppfiles/htdocs/yii/framework/web/CController.php(266): ServiceSuperviseController->runActionWithFilters()
#19 /Applications/XAMPP/xamppfiles/htdocs/yii/framework/web/CWebApplication.php(283): ServiceSuperviseController->run()
#20 /Applications/XAMPP/xamppfiles/htdocs/yii/framework/web/CWebApplication.php(142): CWebApplication->runController()
#21 /Applications/XAMPP/xamppfiles/htdocs/yii/framework/base/CApplication.php(162): CWebApplication->processRequest()
#22 /Applications/XAMPP/xamppfiles/htdocs/gestionp/index.php(13): CWebApplication->run()
REQUEST_URI=/gestionp/index.php?r=servicesupervise/create
in /Applications/XAMPP/xamppfiles/htdocs/gestionp/protected/views/servicesupervise/_form.php (5)
in /Applications/XAMPP/xamppfiles/htdocs/gestionp/protected/views/servicesupervise/create.php (18)
in /Applications/XAMPP/xamppfiles/htdocs/gestionp/protected/controllers/ServicesuperviseController.php (79)
2013/02/27 09:35:33 [error] [php] include(Manger.php) [<a href='function.include'>function.include</a>]: failed to open stream: No such file or directory (/Applications/XAMPP/xamppfiles/htdocs/yii/framework/YiiBase.php:423)
Stack trace:
#0 /Applications/XAMPP/xamppfiles/htdocs/gestionp/protected/views/servicesupervise/_form.php(5): spl_autoload_call()
#1 /Applications/XAMPP/xamppfiles/htdocs/yii/framework/web/CBaseController.php(127): require()
#2 /Applications/XAMPP/xamppfiles/htdocs/yii/framework/web/CBaseController.php(96): ServiceSuperviseController->renderInternal()
#3 /Applications/XAMPP/xamppfiles/htdocs/yii/framework/web/CController.php(870): ServiceSuperviseController->renderFile()
#4 /Applications/XAMPP/xamppfiles/htdocs/gestionp/protected/views/servicesupervise/create.php(18): ServiceSuperviseController->renderPartial()
#5 /Applications/XAMPP/xamppfiles/htdocs/yii/framework/web/CBaseController.php(127): require()
#6 /Applications/XAMPP/xamppfiles/htdocs/yii/framework/web/CBaseController.php(96): ServiceSuperviseController->renderInternal()
#7 /Applications/XAMPP/xamppfiles/htdocs/yii/framework/web/CController.php(870): ServiceSuperviseController->renderFile()
#8 /Applications/XAMPP/xamppfiles/htdocs/yii/framework/web/CController.php(783): ServiceSuperviseController->renderPartial()
#9 /Applications/XAMPP/xamppfiles/htdocs/gestionp/protected/controllers/ServicesuperviseController.php(79): ServiceSuperviseController->render()
#10 /Applications/XAMPP/xamppfiles/htdocs/yii/framework/web/actions/CInlineAction.php(50): ServiceSuperviseController->actionCreate()
#11 /Applications/XAMPP/xamppfiles/htdocs/yii/framework/web/CController.php(309): CInlineAction->runWithParams()
#12 /Applications/XAMPP/xamppfiles/htdocs/yii/framework/web/filters/CFilterChain.php(134): ServiceSuperviseController->runAction()
#13 /Applications/XAMPP/xamppfiles/htdocs/yii/framework/web/filters/CFilter.php(41): CFilterChain->run()
#14 /Applications/XAMPP/xamppfiles/htdocs/yii/framework/web/CController.php(1146): CAccessControlFilter->filter()
#15 /Applications/XAMPP/xamppfiles/htdocs/yii/framework/web/filters/CInlineFilter.php(59): ServiceSuperviseController->filterAccessControl()
#16 /Applications/XAMPP/xamppfiles/htdocs/yii/framework/web/filters/CFilterChain.php(131): CInlineFilter->filter()
#17 /Applications/XAMPP/xamppfiles/htdocs/yii/framework/web/CController.php(292): CFilterChain->run()
#18 /Applications/XAMPP/xamppfiles/htdocs/yii/framework/web/CController.php(266): ServiceSuperviseController->runActionWithFilters()
#19 /Applications/XAMPP/xamppfiles/htdocs/yii/framework/web/CWebApplication.php(283): ServiceSuperviseController->run()
#20 /Applications/XAMPP/xamppfiles/htdocs/yii/framework/web/CWebApplication.php(142): CWebApplication->runController()
#21 /Applications/XAMPP/xamppfiles/htdocs/yii/framework/base/CApplication.php(162): CWebApplication->processRequest()
#22 /Applications/XAMPP/xamppfiles/htdocs/gestionp/index.php(13): CWebApplication->run()
REQUEST_URI=/gestionp/index.php?r=servicesupervise/create
in /Applications/XAMPP/xamppfiles/htdocs/gestionp/protected/views/servicesupervise/_form.php (5)
in /Applications/XAMPP/xamppfiles/htdocs/gestionp/protected/views/servicesupervise/create.php (18)
in /Applications/XAMPP/xamppfiles/htdocs/gestionp/protected/controllers/ServicesuperviseController.php (79)
2013/03/02 18:27:15 [error] [exception.CHttpException.404] exception 'CHttpException' with message 'Unable to resolve the request "test/admin".' in /Applications/XAMPP/xamppfiles/htdocs/yii/framework/web/CWebApplication.php:287
Stack trace:
#0 /Applications/XAMPP/xamppfiles/htdocs/yii/framework/web/CWebApplication.php(142): CWebApplication->runController('test/admin')
#1 /Applications/XAMPP/xamppfiles/htdocs/yii/framework/base/CApplication.php(162): CWebApplication->processRequest()
#2 /Applications/XAMPP/xamppfiles/htdocs/gestionp/index.php(13): CApplication->run()
#3 {main}
REQUEST_URI=/gestionp/index.php?r=test/admin
---
2013/03/02 18:27:20 [error] [exception.CHttpException.404] exception 'CHttpException' with message 'Unable to resolve the request "Test/admin".' in /Applications/XAMPP/xamppfiles/htdocs/yii/framework/web/CWebApplication.php:287
Stack trace:
#0 /Applications/XAMPP/xamppfiles/htdocs/yii/framework/web/CWebApplication.php(142): CWebApplication->runController('Test/admin')
#1 /Applications/XAMPP/xamppfiles/htdocs/yii/framework/base/CApplication.php(162): CWebApplication->processRequest()
#2 /Applications/XAMPP/xamppfiles/htdocs/gestionp/index.php(13): CApplication->run()
#3 {main}
REQUEST_URI=/gestionp/index.php?r=Test/admin
---
2013/03/17 20:45:03 [error] [exception.CException] exception 'CException' with message 'Alias "application.components.ArtMenu" is invalid. Make sure it points to an existing PHP file and the file is readable.' in /Applications/XAMPP/xamppfiles/htdocs/yii/framework/YiiBase.php:318
Stack trace:
#0 /Applications/XAMPP/xamppfiles/htdocs/yii/framework/web/CWidgetFactory.php(147): YiiBase::import('application.com...', true)
#1 /Applications/XAMPP/xamppfiles/htdocs/yii/framework/web/CBaseController.php(147): CWidgetFactory->createWidget(Object(SiteController), 'application.com...', Array)
#2 /Applications/XAMPP/xamppfiles/htdocs/yii/framework/web/CBaseController.php(173): CBaseController->createWidget('application.com...', Array)
#3 /Applications/XAMPP/xamppfiles/htdocs/gestionp/themes/brightideas/views/layouts/main.php(40): CBaseController->widget('application.com...', Array)
#4 /Applications/XAMPP/xamppfiles/htdocs/yii/framework/web/CBaseController.php(127): require('/Applications/X...')
#5 /Applications/XAMPP/xamppfiles/htdocs/yii/framework/web/CBaseController.php(96): CBaseController->renderInternal('/Applications/X...', Array, true)
#6 /Applications/XAMPP/xamppfiles/htdocs/yii/framework/web/widgets/CContentDecorator.php(77): CBaseController->renderFile('/Applications/X...', Array, true)
#7 /Applications/XAMPP/xamppfiles/htdocs/yii/framework/web/widgets/CContentDecorator.php(55): CContentDecorator->decorate('<div class="art...')
#8 /Applications/XAMPP/xamppfiles/htdocs/yii/framework/web/widgets/COutputProcessor.php(45): CContentDecorator->processOutput('<div class="art...')
#9 /Applications/XAMPP/xamppfiles/htdocs/yii/framework/web/CBaseController.php(207): COutputProcessor->run()
#10 /Applications/XAMPP/xamppfiles/htdocs/yii/framework/web/CBaseController.php(301): CBaseController->endWidget('CContentDecorat...')
#11 /Applications/XAMPP/xamppfiles/htdocs/gestionp/themes/brightideas/views/layouts/column1.php(17): CBaseController->endContent()
#12 /Applications/XAMPP/xamppfiles/htdocs/yii/framework/web/CBaseController.php(127): require('/Applications/X...')
#13 /Applications/XAMPP/xamppfiles/htdocs/yii/framework/web/CBaseController.php(96): CBaseController->renderInternal('/Applications/X...', Array, true)
#14 /Applications/XAMPP/xamppfiles/htdocs/yii/framework/web/CController.php(785): CBaseController->renderFile('/Applications/X...', Array, true)
#15 /Applications/XAMPP/xamppfiles/htdocs/gestionp/protected/controllers/SiteController.php(32): CController->render('index')
#16 /Applications/XAMPP/xamppfiles/htdocs/yii/framework/web/actions/CInlineAction.php(50): SiteController->actionIndex()
#17 /Applications/XAMPP/xamppfiles/htdocs/yii/framework/web/CController.php(309): CInlineAction->runWithParams(Array)
#18 /Applications/XAMPP/xamppfiles/htdocs/yii/framework/web/CController.php(287): CController->runAction(Object(CInlineAction))
#19 /Applications/XAMPP/xamppfiles/htdocs/yii/framework/web/CController.php(266): CController->runActionWithFilters(Object(CInlineAction), Array)
#20 /Applications/XAMPP/xamppfiles/htdocs/yii/framework/web/CWebApplication.php(283): CController->run('')
#21 /Applications/XAMPP/xamppfiles/htdocs/yii/framework/web/CWebApplication.php(142): CWebApplication->runController('')
#22 /Applications/XAMPP/xamppfiles/htdocs/yii/framework/base/CApplication.php(162): CWebApplication->processRequest()
#23 /Applications/XAMPP/xamppfiles/htdocs/gestionp/index.php(13): CApplication->run()
#24 {main}
REQUEST_URI=/gestionp/
---
2013/03/17 20:46:41 [error] [exception.CHttpException.404] exception 'CHttpException' with message 'The system is unable to find the requested action "creat".' in /Applications/XAMPP/xamppfiles/htdocs/yii/framework/web/CController.php:484
Stack trace:
#0 /Applications/XAMPP/xamppfiles/htdocs/yii/framework/web/CController.php(271): CController->missingAction('creat')
#1 /Applications/XAMPP/xamppfiles/htdocs/yii/framework/web/CWebApplication.php(283): CController->run('creat')
#2 /Applications/XAMPP/xamppfiles/htdocs/yii/framework/web/CWebApplication.php(142): CWebApplication->runController('competences/cre...')
#3 /Applications/XAMPP/xamppfiles/htdocs/yii/framework/base/CApplication.php(162): CWebApplication->processRequest()
#4 /Applications/XAMPP/xamppfiles/htdocs/gestionp/index.php(13): CApplication->run()
#5 {main}
REQUEST_URI=/gestionp/index.php?r=competences/creat
---
2013/03/20 12:33:41 [error] [php] Invalid argument supplied for foreach() (/Applications/XAMPP/xamppfiles/htdocs/yii/framework/db/schema/CDbCommandBuilder.php:546)
Stack trace:
#0 /Applications/XAMPP/xamppfiles/htdocs/yii/framework/web/actions/CInlineAction.php(50): CompetencesController->actionCreate()
#1 /Applications/XAMPP/xamppfiles/htdocs/yii/framework/web/CController.php(309): CInlineAction->runWithParams()
#2 /Applications/XAMPP/xamppfiles/htdocs/yii/framework/web/filters/CFilterChain.php(134): CompetencesController->runAction()
#3 /Applications/XAMPP/xamppfiles/htdocs/yii/framework/web/filters/CFilter.php(41): CFilterChain->run()
#4 /Applications/XAMPP/xamppfiles/htdocs/yii/framework/web/CController.php(1146): CAccessControlFilter->filter()
#5 /Applications/XAMPP/xamppfiles/htdocs/yii/framework/web/filters/CInlineFilter.php(59): CompetencesController->filterAccessControl()
#6 /Applications/XAMPP/xamppfiles/htdocs/yii/framework/web/filters/CFilterChain.php(131): CInlineFilter->filter()
#7 /Applications/XAMPP/xamppfiles/htdocs/yii/framework/web/CController.php(292): CFilterChain->run()
#8 /Applications/XAMPP/xamppfiles/htdocs/yii/framework/web/CController.php(266): CompetencesController->runActionWithFilters()
#9 /Applications/XAMPP/xamppfiles/htdocs/yii/framework/web/CWebApplication.php(283): CompetencesController->run()
#10 /Applications/XAMPP/xamppfiles/htdocs/yii/framework/web/CWebApplication.php(142): CWebApplication->runController()
#11 /Applications/XAMPP/xamppfiles/htdocs/yii/framework/base/CApplication.php(162): CWebApplication->processRequest()
#12 /Applications/XAMPP/xamppfiles/htdocs/gestionp/index.php(13): CWebApplication->run()
REQUEST_URI=/gestionp/index.php?r=competences/create
in /Applications/XAMPP/xamppfiles/htdocs/gestionp/protected/controllers/CompetencesController.php (74)
in /Applications/XAMPP/xamppfiles/htdocs/gestionp/index.php (13)
2013/03/20 12:34:06 [error] [php] Invalid argument supplied for foreach() (/Applications/XAMPP/xamppfiles/htdocs/yii/framework/db/schema/CDbCommandBuilder.php:546)
Stack trace:
#0 /Applications/XAMPP/xamppfiles/htdocs/yii/framework/web/actions/CInlineAction.php(50): CompetencesController->actionCreate()
#1 /Applications/XAMPP/xamppfiles/htdocs/yii/framework/web/CController.php(309): CInlineAction->runWithParams()
#2 /Applications/XAMPP/xamppfiles/htdocs/yii/framework/web/filters/CFilterChain.php(134): CompetencesController->runAction()
#3 /Applications/XAMPP/xamppfiles/htdocs/yii/framework/web/filters/CFilter.php(41): CFilterChain->run()
#4 /Applications/XAMPP/xamppfiles/htdocs/yii/framework/web/CController.php(1146): CAccessControlFilter->filter()
#5 /Applications/XAMPP/xamppfiles/htdocs/yii/framework/web/filters/CInlineFilter.php(59): CompetencesController->filterAccessControl()
#6 /Applications/XAMPP/xamppfiles/htdocs/yii/framework/web/filters/CFilterChain.php(131): CInlineFilter->filter()
#7 /Applications/XAMPP/xamppfiles/htdocs/yii/framework/web/CController.php(292): CFilterChain->run()
#8 /Applications/XAMPP/xamppfiles/htdocs/yii/framework/web/CController.php(266): CompetencesController->runActionWithFilters()
#9 /Applications/XAMPP/xamppfiles/htdocs/yii/framework/web/CWebApplication.php(283): CompetencesController->run()
#10 /Applications/XAMPP/xamppfiles/htdocs/yii/framework/web/CWebApplication.php(142): CWebApplication->runController()
#11 /Applications/XAMPP/xamppfiles/htdocs/yii/framework/base/CApplication.php(162): CWebApplication->processRequest()
#12 /Applications/XAMPP/xamppfiles/htdocs/gestionp/index.php(13): CWebApplication->run()
REQUEST_URI=/gestionp/index.php?r=competences/create
in /Applications/XAMPP/xamppfiles/htdocs/gestionp/protected/controllers/CompetencesController.php (74)
in /Applications/XAMPP/xamppfiles/htdocs/gestionp/index.php (13)
2013/03/20 12:42:50 [error] [php] Invalid argument supplied for foreach() (/Applications/XAMPP/xamppfiles/htdocs/yii/framework/db/schema/CDbCommandBuilder.php:546)
Stack trace:
#0 /Applications/XAMPP/xamppfiles/htdocs/yii/framework/web/actions/CInlineAction.php(50): CompetencesController->actionCreate()
#1 /Applications/XAMPP/xamppfiles/htdocs/yii/framework/web/CController.php(309): CInlineAction->runWithParams()
#2 /Applications/XAMPP/xamppfiles/htdocs/yii/framework/web/filters/CFilterChain.php(134): CompetencesController->runAction()
#3 /Applications/XAMPP/xamppfiles/htdocs/yii/framework/web/filters/CFilter.php(41): CFilterChain->run()
#4 /Applications/XAMPP/xamppfiles/htdocs/yii/framework/web/CController.php(1146): CAccessControlFilter->filter()
#5 /Applications/XAMPP/xamppfiles/htdocs/yii/framework/web/filters/CInlineFilter.php(59): CompetencesController->filterAccessControl()
#6 /Applications/XAMPP/xamppfiles/htdocs/yii/framework/web/filters/CFilterChain.php(131): CInlineFilter->filter()
#7 /Applications/XAMPP/xamppfiles/htdocs/yii/framework/web/CController.php(292): CFilterChain->run()
#8 /Applications/XAMPP/xamppfiles/htdocs/yii/framework/web/CController.php(266): CompetencesController->runActionWithFilters()
#9 /Applications/XAMPP/xamppfiles/htdocs/yii/framework/web/CWebApplication.php(283): CompetencesController->run()
#10 /Applications/XAMPP/xamppfiles/htdocs/yii/framework/web/CWebApplication.php(142): CWebApplication->runController()
#11 /Applications/XAMPP/xamppfiles/htdocs/yii/framework/base/CApplication.php(162): CWebApplication->processRequest()
#12 /Applications/XAMPP/xamppfiles/htdocs/gestionp/index.php(13): CWebApplication->run()
REQUEST_URI=/gestionp/index.php?r=competences/create
in /Applications/XAMPP/xamppfiles/htdocs/gestionp/protected/controllers/CompetencesController.php (74)
in /Applications/XAMPP/xamppfiles/htdocs/gestionp/index.php (13)
2013/03/20 12:44:24 [error] [php] Invalid argument supplied for foreach() (/Applications/XAMPP/xamppfiles/htdocs/yii/framework/db/schema/CDbCommandBuilder.php:546)
Stack trace:
#0 /Applications/XAMPP/xamppfiles/htdocs/yii/framework/web/actions/CInlineAction.php(50): CompetencesController->actionCreate()
#1 /Applications/XAMPP/xamppfiles/htdocs/yii/framework/web/CController.php(309): CInlineAction->runWithParams()
#2 /Applications/XAMPP/xamppfiles/htdocs/yii/framework/web/filters/CFilterChain.php(134): CompetencesController->runAction()
#3 /Applications/XAMPP/xamppfiles/htdocs/yii/framework/web/filters/CFilter.php(41): CFilterChain->run()
#4 /Applications/XAMPP/xamppfiles/htdocs/yii/framework/web/CController.php(1146): CAccessControlFilter->filter()
#5 /Applications/XAMPP/xamppfiles/htdocs/yii/framework/web/filters/CInlineFilter.php(59): CompetencesController->filterAccessControl()
#6 /Applications/XAMPP/xamppfiles/htdocs/yii/framework/web/filters/CFilterChain.php(131): CInlineFilter->filter()
#7 /Applications/XAMPP/xamppfiles/htdocs/yii/framework/web/CController.php(292): CFilterChain->run()
#8 /Applications/XAMPP/xamppfiles/htdocs/yii/framework/web/CController.php(266): CompetencesController->runActionWithFilters()
#9 /Applications/XAMPP/xamppfiles/htdocs/yii/framework/web/CWebApplication.php(283): CompetencesController->run()
#10 /Applications/XAMPP/xamppfiles/htdocs/yii/framework/web/CWebApplication.php(142): CWebApplication->runController()
#11 /Applications/XAMPP/xamppfiles/htdocs/yii/framework/base/CApplication.php(162): CWebApplication->processRequest()
#12 /Applications/XAMPP/xamppfiles/htdocs/gestionp/index.php(13): CWebApplication->run()
REQUEST_URI=/gestionp/index.php?r=competences/create
in /Applications/XAMPP/xamppfiles/htdocs/gestionp/protected/controllers/CompetencesController.php (74)
in /Applications/XAMPP/xamppfiles/htdocs/gestionp/index.php (13)
2013/04/04 17:52:16 [error] [php] Invalid argument supplied for foreach() (/Applications/XAMPP/xamppfiles/htdocs/yii/framework/db/schema/CDbCommandBuilder.php:546)
Stack trace:
#0 /Applications/XAMPP/xamppfiles/htdocs/yii/framework/web/actions/CInlineAction.php(50): CompetencesController->actionCreate()
#1 /Applications/XAMPP/xamppfiles/htdocs/yii/framework/web/CController.php(309): CInlineAction->runWithParams()
#2 /Applications/XAMPP/xamppfiles/htdocs/yii/framework/web/filters/CFilterChain.php(134): CompetencesController->runAction()
#3 /Applications/XAMPP/xamppfiles/htdocs/yii/framework/web/filters/CFilter.php(41): CFilterChain->run()
#4 /Applications/XAMPP/xamppfiles/htdocs/yii/framework/web/CController.php(1146): CAccessControlFilter->filter()
#5 /Applications/XAMPP/xamppfiles/htdocs/yii/framework/web/filters/CInlineFilter.php(59): CompetencesController->filterAccessControl()
#6 /Applications/XAMPP/xamppfiles/htdocs/yii/framework/web/filters/CFilterChain.php(131): CInlineFilter->filter()
#7 /Applications/XAMPP/xamppfiles/htdocs/yii/framework/web/CController.php(292): CFilterChain->run()
#8 /Applications/XAMPP/xamppfiles/htdocs/yii/framework/web/CController.php(266): CompetencesController->runActionWithFilters()
#9 /Applications/XAMPP/xamppfiles/htdocs/yii/framework/web/CWebApplication.php(283): CompetencesController->run()
#10 /Applications/XAMPP/xamppfiles/htdocs/yii/framework/web/CWebApplication.php(142): CWebApplication->runController()
#11 /Applications/XAMPP/xamppfiles/htdocs/yii/framework/base/CApplication.php(162): CWebApplication->processRequest()
#12 /Applications/XAMPP/xamppfiles/htdocs/GestionCompetance/index.php(13): CWebApplication->run()
REQUEST_URI=/GestionCompetance/index.php?r=competences/create
in /Applications/XAMPP/xamppfiles/htdocs/GestionCompetance/protected/controllers/CompetencesController.php (74)
in /Applications/XAMPP/xamppfiles/htdocs/GestionCompetance/index.php (13)
2013/04/04 17:54:03 [error] [php] Invalid argument supplied for foreach() (/Applications/XAMPP/xamppfiles/htdocs/yii/framework/db/schema/CDbCommandBuilder.php:546)
Stack trace:
#0 /Applications/XAMPP/xamppfiles/htdocs/yii/framework/web/actions/CInlineAction.php(50): CompetencesController->actionCreate()
#1 /Applications/XAMPP/xamppfiles/htdocs/yii/framework/web/CController.php(309): CInlineAction->runWithParams()
#2 /Applications/XAMPP/xamppfiles/htdocs/yii/framework/web/filters/CFilterChain.php(134): CompetencesController->runAction()
#3 /Applications/XAMPP/xamppfiles/htdocs/yii/framework/web/filters/CFilter.php(41): CFilterChain->run()
#4 /Applications/XAMPP/xamppfiles/htdocs/yii/framework/web/CController.php(1146): CAccessControlFilter->filter()
#5 /Applications/XAMPP/xamppfiles/htdocs/yii/framework/web/filters/CInlineFilter.php(59): CompetencesController->filterAccessControl()
#6 /Applications/XAMPP/xamppfiles/htdocs/yii/framework/web/filters/CFilterChain.php(131): CInlineFilter->filter()
#7 /Applications/XAMPP/xamppfiles/htdocs/yii/framework/web/CController.php(292): CFilterChain->run()
#8 /Applications/XAMPP/xamppfiles/htdocs/yii/framework/web/CController.php(266): CompetencesController->runActionWithFilters()
#9 /Applications/XAMPP/xamppfiles/htdocs/yii/framework/web/CWebApplication.php(283): CompetencesController->run()
#10 /Applications/XAMPP/xamppfiles/htdocs/yii/framework/web/CWebApplication.php(142): CWebApplication->runController()
#11 /Applications/XAMPP/xamppfiles/htdocs/yii/framework/base/CApplication.php(162): CWebApplication->processRequest()
#12 /Applications/XAMPP/xamppfiles/htdocs/GestionCompetance/index.php(13): CWebApplication->run()
REQUEST_URI=/GestionCompetance/index.php?r=competences/create
in /Applications/XAMPP/xamppfiles/htdocs/GestionCompetance/protected/controllers/CompetencesController.php (74)
in /Applications/XAMPP/xamppfiles/htdocs/GestionCompetance/index.php (13)
2013/04/12 10:31:48 [error] [system.db.CDbCommand] CDbCommand::execute() failed: SQLSTATE[23000]: Integrity constraint violation: 1062 Duplicate entry '05476895' for key 'PRIMARY'. The SQL statement executed was: INSERT INTO `manager` (`cin`, `NOM`, `Prenom`, `Email`, `Tel`, `login`, `motpasse`) VALUES (:yp0, :yp1, :yp2, :yp3, :yp4, :yp5, :yp6).
in /Applications/XAMPP/xamppfiles/htdocs/GestionCompetance/protected/controllers/ManagerController.php (73)
in /Applications/XAMPP/xamppfiles/htdocs/GestionCompetance/index.php (13)
2013/04/12 10:31:48 [error] [exception.CDbException] exception 'CDbException' with message 'CDbCommand failed to execute the SQL statement: SQLSTATE[23000]: Integrity constraint violation: 1062 Duplicate entry '05476895' for key 'PRIMARY'. The SQL statement executed was: INSERT INTO `manager` (`cin`, `NOM`, `Prenom`, `Email`, `Tel`, `login`, `motpasse`) VALUES (:yp0, :yp1, :yp2, :yp3, :yp4, :yp5, :yp6)' in /Applications/XAMPP/xamppfiles/htdocs/yii/framework/db/CDbCommand.php:354
Stack trace:
#0 /Applications/XAMPP/xamppfiles/htdocs/yii/framework/db/ar/CActiveRecord.php(1017): CDbCommand->execute()
#1 /Applications/XAMPP/xamppfiles/htdocs/yii/framework/db/ar/CActiveRecord.php(796): CActiveRecord->insert(NULL)
#2 /Applications/XAMPP/xamppfiles/htdocs/GestionCompetance/protected/controllers/ManagerController.php(73): CActiveRecord->save()
#3 /Applications/XAMPP/xamppfiles/htdocs/yii/framework/web/actions/CInlineAction.php(50): ManagerController->actionCreate()
#4 /Applications/XAMPP/xamppfiles/htdocs/yii/framework/web/CController.php(309): CInlineAction->runWithParams(Array)
#5 /Applications/XAMPP/xamppfiles/htdocs/yii/framework/web/filters/CFilterChain.php(134): CController->runAction(Object(CInlineAction))
#6 /Applications/XAMPP/xamppfiles/htdocs/yii/framework/web/filters/CFilter.php(41): CFilterChain->run()
#7 /Applications/XAMPP/xamppfiles/htdocs/yii/framework/web/CController.php(1146): CFilter->filter(Object(CFilterChain))
#8 /Applications/XAMPP/xamppfiles/htdocs/yii/framework/web/filters/CInlineFilter.php(59): CController->filterAccessControl(Object(CFilterChain))
#9 /Applications/XAMPP/xamppfiles/htdocs/yii/framework/web/filters/CFilterChain.php(131): CInlineFilter->filter(Object(CFilterChain))
#10 /Applications/XAMPP/xamppfiles/htdocs/yii/framework/web/CController.php(292): CFilterChain->run()
#11 /Applications/XAMPP/xamppfiles/htdocs/yii/framework/web/CController.php(266): CController->runActionWithFilters(Object(CInlineAction), Array)
#12 /Applications/XAMPP/xamppfiles/htdocs/yii/framework/web/CWebApplication.php(283): CController->run('create')
#13 /Applications/XAMPP/xamppfiles/htdocs/yii/framework/web/CWebApplication.php(142): CWebApplication->runController('manager/create')
#14 /Applications/XAMPP/xamppfiles/htdocs/yii/framework/base/CApplication.php(162): CWebApplication->processRequest()
#15 /Applications/XAMPP/xamppfiles/htdocs/GestionCompetance/index.php(13): CApplication->run()
#16 {main}
REQUEST_URI=/GestionCompetance/index.php?r=manager/create
HTTP_REFERER=http://localhost/GestionCompetance/index.php?r=manager/create
---
2013/04/18 09:07:22 [error] [system.db.CDbCommand] CDbCommand::execute() failed: SQLSTATE[23000]: Integrity constraint violation: 1062 Duplicate entry '05476895' for key 'PRIMARY'. The SQL statement executed was: INSERT INTO `manager` (`cin`, `NOM`, `Prenom`, `email`, `Tel`, `login`, `password`) VALUES (:yp0, :yp1, :yp2, :yp3, :yp4, :yp5, :yp6).
in /Applications/XAMPP/xamppfiles/htdocs/GestionCompetance/protected/controllers/ManagerController.php (73)
in /Applications/XAMPP/xamppfiles/htdocs/GestionCompetance/index.php (13)
2013/04/18 09:07:22 [error] [exception.CDbException] exception 'CDbException' with message 'CDbCommand failed to execute the SQL statement: SQLSTATE[23000]: Integrity constraint violation: 1062 Duplicate entry '05476895' for key 'PRIMARY'. The SQL statement executed was: INSERT INTO `manager` (`cin`, `NOM`, `Prenom`, `email`, `Tel`, `login`, `password`) VALUES (:yp0, :yp1, :yp2, :yp3, :yp4, :yp5, :yp6)' in /Applications/XAMPP/xamppfiles/htdocs/yii/framework/db/CDbCommand.php:354
Stack trace:
#0 /Applications/XAMPP/xamppfiles/htdocs/yii/framework/db/ar/CActiveRecord.php(1017): CDbCommand->execute()
#1 /Applications/XAMPP/xamppfiles/htdocs/yii/framework/db/ar/CActiveRecord.php(796): CActiveRecord->insert(NULL)
#2 /Applications/XAMPP/xamppfiles/htdocs/GestionCompetance/protected/controllers/ManagerController.php(73): CActiveRecord->save()
#3 /Applications/XAMPP/xamppfiles/htdocs/yii/framework/web/actions/CInlineAction.php(50): ManagerController->actionCreate()
#4 /Applications/XAMPP/xamppfiles/htdocs/yii/framework/web/CController.php(309): CInlineAction->runWithParams(Array)
#5 /Applications/XAMPP/xamppfiles/htdocs/yii/framework/web/filters/CFilterChain.php(134): CController->runAction(Object(CInlineAction))
#6 /Applications/XAMPP/xamppfiles/htdocs/yii/framework/web/filters/CFilter.php(41): CFilterChain->run()
#7 /Applications/XAMPP/xamppfiles/htdocs/yii/framework/web/CController.php(1146): CFilter->filter(Object(CFilterChain))
#8 /Applications/XAMPP/xamppfiles/htdocs/yii/framework/web/filters/CInlineFilter.php(59): CController->filterAccessControl(Object(CFilterChain))
#9 /Applications/XAMPP/xamppfiles/htdocs/yii/framework/web/filters/CFilterChain.php(131): CInlineFilter->filter(Object(CFilterChain))
#10 /Applications/XAMPP/xamppfiles/htdocs/yii/framework/web/CController.php(292): CFilterChain->run()
#11 /Applications/XAMPP/xamppfiles/htdocs/yii/framework/web/CController.php(266): CController->runActionWithFilters(Object(CInlineAction), Array)
#12 /Applications/XAMPP/xamppfiles/htdocs/yii/framework/web/CWebApplication.php(283): CController->run('create')
#13 /Applications/XAMPP/xamppfiles/htdocs/yii/framework/web/CWebApplication.php(142): CWebApplication->runController('manager/create')
#14 /Applications/XAMPP/xamppfiles/htdocs/yii/framework/base/CApplication.php(162): CWebApplication->processRequest()
#15 /Applications/XAMPP/xamppfiles/htdocs/GestionCompetance/index.php(13): CApplication->run()
#16 {main}
REQUEST_URI=/GestionCompetance/index.php?r=manager/create
HTTP_REFERER=http://localhost/GestionCompetance/index.php?r=manager/create
---
2013/04/18 16:03:39 [error] [system.db.CDbCommand] CDbCommand::execute() failed: SQLSTATE[23000]: Integrity constraint violation: 1062 Duplicate entry '3' for key 'PRIMARY'. The SQL statement executed was: INSERT INTO `manager` (`cin`, `NOM`, `Prenom`, `email`, `Tel`, `login`, `password`) VALUES (:yp0, :yp1, :yp2, :yp3, :yp4, :yp5, :yp6).
in /Applications/XAMPP/xamppfiles/htdocs/GestionCompetance/protected/controllers/ManagerController.php (74)
in /Applications/XAMPP/xamppfiles/htdocs/GestionCompetance/index.php (13)
2013/04/18 16:03:39 [error] [exception.CDbException] exception 'CDbException' with message 'CDbCommand failed to execute the SQL statement: SQLSTATE[23000]: Integrity constraint violation: 1062 Duplicate entry '3' for key 'PRIMARY'. The SQL statement executed was: INSERT INTO `manager` (`cin`, `NOM`, `Prenom`, `email`, `Tel`, `login`, `password`) VALUES (:yp0, :yp1, :yp2, :yp3, :yp4, :yp5, :yp6)' in /Applications/XAMPP/xamppfiles/htdocs/yii/framework/db/CDbCommand.php:354
Stack trace:
#0 /Applications/XAMPP/xamppfiles/htdocs/yii/framework/db/ar/CActiveRecord.php(1017): CDbCommand->execute()
#1 /Applications/XAMPP/xamppfiles/htdocs/yii/framework/db/ar/CActiveRecord.php(796): CActiveRecord->insert(NULL)
#2 /Applications/XAMPP/xamppfiles/htdocs/GestionCompetance/protected/controllers/ManagerController.php(74): CActiveRecord->save()
#3 /Applications/XAMPP/xamppfiles/htdocs/yii/framework/web/actions/CInlineAction.php(50): ManagerController->actionCreate()
#4 /Applications/XAMPP/xamppfiles/htdocs/yii/framework/web/CController.php(309): CInlineAction->runWithParams(Array)
#5 /Applications/XAMPP/xamppfiles/htdocs/yii/framework/web/filters/CFilterChain.php(134): CController->runAction(Object(CInlineAction))
#6 /Applications/XAMPP/xamppfiles/htdocs/yii/framework/web/filters/CFilter.php(41): CFilterChain->run()
#7 /Applications/XAMPP/xamppfiles/htdocs/yii/framework/web/CController.php(1146): CFilter->filter(Object(CFilterChain))
#8 /Applications/XAMPP/xamppfiles/htdocs/yii/framework/web/filters/CInlineFilter.php(59): CController->filterAccessControl(Object(CFilterChain))
#9 /Applications/XAMPP/xamppfiles/htdocs/yii/framework/web/filters/CFilterChain.php(131): CInlineFilter->filter(Object(CFilterChain))
#10 /Applications/XAMPP/xamppfiles/htdocs/yii/framework/web/CController.php(292): CFilterChain->run()
#11 /Applications/XAMPP/xamppfiles/htdocs/yii/framework/web/CController.php(266): CController->runActionWithFilters(Object(CInlineAction), Array)
#12 /Applications/XAMPP/xamppfiles/htdocs/yii/framework/web/CWebApplication.php(283): CController->run('create')
#13 /Applications/XAMPP/xamppfiles/htdocs/yii/framework/web/CWebApplication.php(142): CWebApplication->runController('manager/create')
#14 /Applications/XAMPP/xamppfiles/htdocs/yii/framework/base/CApplication.php(162): CWebApplication->processRequest()
#15 /Applications/XAMPP/xamppfiles/htdocs/GestionCompetance/index.php(13): CApplication->run()
#16 {main}
REQUEST_URI=/GestionCompetance/index.php?r=manager/create
HTTP_REFERER=http://localhost/GestionCompetance/index.php?r=manager/create
---
2013/04/18 16:03:44 [error] [system.db.CDbCommand] CDbCommand::execute() failed: SQLSTATE[23000]: Integrity constraint violation: 1062 Duplicate entry '3' for key 'PRIMARY'. The SQL statement executed was: INSERT INTO `manager` (`cin`, `NOM`, `Prenom`, `email`, `Tel`, `login`, `password`) VALUES (:yp0, :yp1, :yp2, :yp3, :yp4, :yp5, :yp6).
in /Applications/XAMPP/xamppfiles/htdocs/GestionCompetance/protected/controllers/ManagerController.php (74)
in /Applications/XAMPP/xamppfiles/htdocs/GestionCompetance/index.php (13)
2013/04/18 16:03:44 [error] [exception.CDbException] exception 'CDbException' with message 'CDbCommand failed to execute the SQL statement: SQLSTATE[23000]: Integrity constraint violation: 1062 Duplicate entry '3' for key 'PRIMARY'. The SQL statement executed was: INSERT INTO `manager` (`cin`, `NOM`, `Prenom`, `email`, `Tel`, `login`, `password`) VALUES (:yp0, :yp1, :yp2, :yp3, :yp4, :yp5, :yp6)' in /Applications/XAMPP/xamppfiles/htdocs/yii/framework/db/CDbCommand.php:354
Stack trace:
#0 /Applications/XAMPP/xamppfiles/htdocs/yii/framework/db/ar/CActiveRecord.php(1017): CDbCommand->execute()
#1 /Applications/XAMPP/xamppfiles/htdocs/yii/framework/db/ar/CActiveRecord.php(796): CActiveRecord->insert(NULL)
#2 /Applications/XAMPP/xamppfiles/htdocs/GestionCompetance/protected/controllers/ManagerController.php(74): CActiveRecord->save()
#3 /Applications/XAMPP/xamppfiles/htdocs/yii/framework/web/actions/CInlineAction.php(50): ManagerController->actionCreate()
#4 /Applications/XAMPP/xamppfiles/htdocs/yii/framework/web/CController.php(309): CInlineAction->runWithParams(Array)
#5 /Applications/XAMPP/xamppfiles/htdocs/yii/framework/web/filters/CFilterChain.php(134): CController->runAction(Object(CInlineAction))
#6 /Applications/XAMPP/xamppfiles/htdocs/yii/framework/web/filters/CFilter.php(41): CFilterChain->run()
#7 /Applications/XAMPP/xamppfiles/htdocs/yii/framework/web/CController.php(1146): CFilter->filter(Object(CFilterChain))
#8 /Applications/XAMPP/xamppfiles/htdocs/yii/framework/web/filters/CInlineFilter.php(59): CController->filterAccessControl(Object(CFilterChain))
#9 /Applications/XAMPP/xamppfiles/htdocs/yii/framework/web/filters/CFilterChain.php(131): CInlineFilter->filter(Object(CFilterChain))
#10 /Applications/XAMPP/xamppfiles/htdocs/yii/framework/web/CController.php(292): CFilterChain->run()
#11 /Applications/XAMPP/xamppfiles/htdocs/yii/framework/web/CController.php(266): CController->runActionWithFilters(Object(CInlineAction), Array)
#12 /Applications/XAMPP/xamppfiles/htdocs/yii/framework/web/CWebApplication.php(283): CController->run('create')
#13 /Applications/XAMPP/xamppfiles/htdocs/yii/framework/web/CWebApplication.php(142): CWebApplication->runController('manager/create')
#14 /Applications/XAMPP/xamppfiles/htdocs/yii/framework/base/CApplication.php(162): CWebApplication->processRequest()
#15 /Applications/XAMPP/xamppfiles/htdocs/GestionCompetance/index.php(13): CApplication->run()
#16 {main}
REQUEST_URI=/GestionCompetance/index.php?r=manager/create
HTTP_REFERER=http://localhost/GestionCompetance/index.php?r=manager/create
---
2013/04/18 16:03:46 [error] [system.db.CDbCommand] CDbCommand::execute() failed: SQLSTATE[23000]: Integrity constraint violation: 1062 Duplicate entry '3' for key 'PRIMARY'. The SQL statement executed was: INSERT INTO `manager` (`cin`, `NOM`, `Prenom`, `email`, `Tel`, `login`, `password`) VALUES (:yp0, :yp1, :yp2, :yp3, :yp4, :yp5, :yp6).
in /Applications/XAMPP/xamppfiles/htdocs/GestionCompetance/protected/controllers/ManagerController.php (74)
in /Applications/XAMPP/xamppfiles/htdocs/GestionCompetance/index.php (13)
2013/04/18 16:03:46 [error] [exception.CDbException] exception 'CDbException' with message 'CDbCommand failed to execute the SQL statement: SQLSTATE[23000]: Integrity constraint violation: 1062 Duplicate entry '3' for key 'PRIMARY'. The SQL statement executed was: INSERT INTO `manager` (`cin`, `NOM`, `Prenom`, `email`, `Tel`, `login`, `password`) VALUES (:yp0, :yp1, :yp2, :yp3, :yp4, :yp5, :yp6)' in /Applications/XAMPP/xamppfiles/htdocs/yii/framework/db/CDbCommand.php:354
Stack trace:
#0 /Applications/XAMPP/xamppfiles/htdocs/yii/framework/db/ar/CActiveRecord.php(1017): CDbCommand->execute()
#1 /Applications/XAMPP/xamppfiles/htdocs/yii/framework/db/ar/CActiveRecord.php(796): CActiveRecord->insert(NULL)
#2 /Applications/XAMPP/xamppfiles/htdocs/GestionCompetance/protected/controllers/ManagerController.php(74): CActiveRecord->save()
#3 /Applications/XAMPP/xamppfiles/htdocs/yii/framework/web/actions/CInlineAction.php(50): ManagerController->actionCreate()
#4 /Applications/XAMPP/xamppfiles/htdocs/yii/framework/web/CController.php(309): CInlineAction->runWithParams(Array)
#5 /Applications/XAMPP/xamppfiles/htdocs/yii/framework/web/filters/CFilterChain.php(134): CController->runAction(Object(CInlineAction))
#6 /Applications/XAMPP/xamppfiles/htdocs/yii/framework/web/filters/CFilter.php(41): CFilterChain->run()
#7 /Applications/XAMPP/xamppfiles/htdocs/yii/framework/web/CController.php(1146): CFilter->filter(Object(CFilterChain))
#8 /Applications/XAMPP/xamppfiles/htdocs/yii/framework/web/filters/CInlineFilter.php(59): CController->filterAccessControl(Object(CFilterChain))
#9 /Applications/XAMPP/xamppfiles/htdocs/yii/framework/web/filters/CFilterChain.php(131): CInlineFilter->filter(Object(CFilterChain))
#10 /Applications/XAMPP/xamppfiles/htdocs/yii/framework/web/CController.php(292): CFilterChain->run()
#11 /Applications/XAMPP/xamppfiles/htdocs/yii/framework/web/CController.php(266): CController->runActionWithFilters(Object(CInlineAction), Array)
#12 /Applications/XAMPP/xamppfiles/htdocs/yii/framework/web/CWebApplication.php(283): CController->run('create')
#13 /Applications/XAMPP/xamppfiles/htdocs/yii/framework/web/CWebApplication.php(142): CWebApplication->runController('manager/create')
#14 /Applications/XAMPP/xamppfiles/htdocs/yii/framework/base/CApplication.php(162): CWebApplication->processRequest()
#15 /Applications/XAMPP/xamppfiles/htdocs/GestionCompetance/index.php(13): CApplication->run()
#16 {main}
REQUEST_URI=/GestionCompetance/index.php?r=manager/create
HTTP_REFERER=http://localhost/GestionCompetance/index.php?r=manager/create
---
2013/04/18 16:03:46 [error] [system.db.CDbCommand] CDbCommand::execute() failed: SQLSTATE[23000]: Integrity constraint violation: 1062 Duplicate entry '3' for key 'PRIMARY'. The SQL statement executed was: INSERT INTO `manager` (`cin`, `NOM`, `Prenom`, `email`, `Tel`, `login`, `password`) VALUES (:yp0, :yp1, :yp2, :yp3, :yp4, :yp5, :yp6).
in /Applications/XAMPP/xamppfiles/htdocs/GestionCompetance/protected/controllers/ManagerController.php (74)
in /Applications/XAMPP/xamppfiles/htdocs/GestionCompetance/index.php (13)
2013/04/18 16:03:46 [error] [exception.CDbException] exception 'CDbException' with message 'CDbCommand failed to execute the SQL statement: SQLSTATE[23000]: Integrity constraint violation: 1062 Duplicate entry '3' for key 'PRIMARY'. The SQL statement executed was: INSERT INTO `manager` (`cin`, `NOM`, `Prenom`, `email`, `Tel`, `login`, `password`) VALUES (:yp0, :yp1, :yp2, :yp3, :yp4, :yp5, :yp6)' in /Applications/XAMPP/xamppfiles/htdocs/yii/framework/db/CDbCommand.php:354
Stack trace:
#0 /Applications/XAMPP/xamppfiles/htdocs/yii/framework/db/ar/CActiveRecord.php(1017): CDbCommand->execute()
#1 /Applications/XAMPP/xamppfiles/htdocs/yii/framework/db/ar/CActiveRecord.php(796): CActiveRecord->insert(NULL)
#2 /Applications/XAMPP/xamppfiles/htdocs/GestionCompetance/protected/controllers/ManagerController.php(74): CActiveRecord->save()
#3 /Applications/XAMPP/xamppfiles/htdocs/yii/framework/web/actions/CInlineAction.php(50): ManagerController->actionCreate()
#4 /Applications/XAMPP/xamppfiles/htdocs/yii/framework/web/CController.php(309): CInlineAction->runWithParams(Array)
#5 /Applications/XAMPP/xamppfiles/htdocs/yii/framework/web/filters/CFilterChain.php(134): CController->runAction(Object(CInlineAction))
#6 /Applications/XAMPP/xamppfiles/htdocs/yii/framework/web/filters/CFilter.php(41): CFilterChain->run()
#7 /Applications/XAMPP/xamppfiles/htdocs/yii/framework/web/CController.php(1146): CFilter->filter(Object(CFilterChain))
#8 /Applications/XAMPP/xamppfiles/htdocs/yii/framework/web/filters/CInlineFilter.php(59): CController->filterAccessControl(Object(CFilterChain))
#9 /Applications/XAMPP/xamppfiles/htdocs/yii/framework/web/filters/CFilterChain.php(131): CInlineFilter->filter(Object(CFilterChain))
#10 /Applications/XAMPP/xamppfiles/htdocs/yii/framework/web/CController.php(292): CFilterChain->run()
#11 /Applications/XAMPP/xamppfiles/htdocs/yii/framework/web/CController.php(266): CController->runActionWithFilters(Object(CInlineAction), Array)
#12 /Applications/XAMPP/xamppfiles/htdocs/yii/framework/web/CWebApplication.php(283): CController->run('create')
#13 /Applications/XAMPP/xamppfiles/htdocs/yii/framework/web/CWebApplication.php(142): CWebApplication->runController('manager/create')
#14 /Applications/XAMPP/xamppfiles/htdocs/yii/framework/base/CApplication.php(162): CWebApplication->processRequest()
#15 /Applications/XAMPP/xamppfiles/htdocs/GestionCompetance/index.php(13): CApplication->run()
#16 {main}
REQUEST_URI=/GestionCompetance/index.php?r=manager/create
HTTP_REFERER=http://localhost/GestionCompetance/index.php?r=manager/create
---
2013/04/18 16:03:47 [error] [system.db.CDbCommand] CDbCommand::execute() failed: SQLSTATE[23000]: Integrity constraint violation: 1062 Duplicate entry '3' for key 'PRIMARY'. The SQL statement executed was: INSERT INTO `manager` (`cin`, `NOM`, `Prenom`, `email`, `Tel`, `login`, `password`) VALUES (:yp0, :yp1, :yp2, :yp3, :yp4, :yp5, :yp6).
in /Applications/XAMPP/xamppfiles/htdocs/GestionCompetance/protected/controllers/ManagerController.php (74)
in /Applications/XAMPP/xamppfiles/htdocs/GestionCompetance/index.php (13)
2013/04/18 16:03:47 [error] [exception.CDbException] exception 'CDbException' with message 'CDbCommand failed to execute the SQL statement: SQLSTATE[23000]: Integrity constraint violation: 1062 Duplicate entry '3' for key 'PRIMARY'. The SQL statement executed was: INSERT INTO `manager` (`cin`, `NOM`, `Prenom`, `email`, `Tel`, `login`, `password`) VALUES (:yp0, :yp1, :yp2, :yp3, :yp4, :yp5, :yp6)' in /Applications/XAMPP/xamppfiles/htdocs/yii/framework/db/CDbCommand.php:354
Stack trace:
#0 /Applications/XAMPP/xamppfiles/htdocs/yii/framework/db/ar/CActiveRecord.php(1017): CDbCommand->execute()
#1 /Applications/XAMPP/xamppfiles/htdocs/yii/framework/db/ar/CActiveRecord.php(796): CActiveRecord->insert(NULL)
#2 /Applications/XAMPP/xamppfiles/htdocs/GestionCompetance/protected/controllers/ManagerController.php(74): CActiveRecord->save()
#3 /Applications/XAMPP/xamppfiles/htdocs/yii/framework/web/actions/CInlineAction.php(50): ManagerController->actionCreate()
#4 /Applications/XAMPP/xamppfiles/htdocs/yii/framework/web/CController.php(309): CInlineAction->runWithParams(Array)
#5 /Applications/XAMPP/xamppfiles/htdocs/yii/framework/web/filters/CFilterChain.php(134): CController->runAction(Object(CInlineAction))
#6 /Applications/XAMPP/xamppfiles/htdocs/yii/framework/web/filters/CFilter.php(41): CFilterChain->run()
#7 /Applications/XAMPP/xamppfiles/htdocs/yii/framework/web/CController.php(1146): CFilter->filter(Object(CFilterChain))
#8 /Applications/XAMPP/xamppfiles/htdocs/yii/framework/web/filters/CInlineFilter.php(59): CController->filterAccessControl(Object(CFilterChain))
#9 /Applications/XAMPP/xamppfiles/htdocs/yii/framework/web/filters/CFilterChain.php(131): CInlineFilter->filter(Object(CFilterChain))
#10 /Applications/XAMPP/xamppfiles/htdocs/yii/framework/web/CController.php(292): CFilterChain->run()
#11 /Applications/XAMPP/xamppfiles/htdocs/yii/framework/web/CController.php(266): CController->runActionWithFilters(Object(CInlineAction), Array)
#12 /Applications/XAMPP/xamppfiles/htdocs/yii/framework/web/CWebApplication.php(283): CController->run('create')
#13 /Applications/XAMPP/xamppfiles/htdocs/yii/framework/web/CWebApplication.php(142): CWebApplication->runController('manager/create')
#14 /Applications/XAMPP/xamppfiles/htdocs/yii/framework/base/CApplication.php(162): CWebApplication->processRequest()
#15 /Applications/XAMPP/xamppfiles/htdocs/GestionCompetance/index.php(13): CApplication->run()
#16 {main}
REQUEST_URI=/GestionCompetance/index.php?r=manager/create
HTTP_REFERER=http://localhost/GestionCompetance/index.php?r=manager/create
---
2013/04/18 16:03:47 [error] [system.db.CDbCommand] CDbCommand::execute() failed: SQLSTATE[23000]: Integrity constraint violation: 1062 Duplicate entry '3' for key 'PRIMARY'. The SQL statement executed was: INSERT INTO `manager` (`cin`, `NOM`, `Prenom`, `email`, `Tel`, `login`, `password`) VALUES (:yp0, :yp1, :yp2, :yp3, :yp4, :yp5, :yp6).
in /Applications/XAMPP/xamppfiles/htdocs/GestionCompetance/protected/controllers/ManagerController.php (74)
in /Applications/XAMPP/xamppfiles/htdocs/GestionCompetance/index.php (13)
2013/04/18 16:03:47 [error] [exception.CDbException] exception 'CDbException' with message 'CDbCommand failed to execute the SQL statement: SQLSTATE[23000]: Integrity constraint violation: 1062 Duplicate entry '3' for key 'PRIMARY'. The SQL statement executed was: INSERT INTO `manager` (`cin`, `NOM`, `Prenom`, `email`, `Tel`, `login`, `password`) VALUES (:yp0, :yp1, :yp2, :yp3, :yp4, :yp5, :yp6)' in /Applications/XAMPP/xamppfiles/htdocs/yii/framework/db/CDbCommand.php:354
Stack trace:
#0 /Applications/XAMPP/xamppfiles/htdocs/yii/framework/db/ar/CActiveRecord.php(1017): CDbCommand->execute()
#1 /Applications/XAMPP/xamppfiles/htdocs/yii/framework/db/ar/CActiveRecord.php(796): CActiveRecord->insert(NULL)
#2 /Applications/XAMPP/xamppfiles/htdocs/GestionCompetance/protected/controllers/ManagerController.php(74): CActiveRecord->save()
#3 /Applications/XAMPP/xamppfiles/htdocs/yii/framework/web/actions/CInlineAction.php(50): ManagerController->actionCreate()
#4 /Applications/XAMPP/xamppfiles/htdocs/yii/framework/web/CController.php(309): CInlineAction->runWithParams(Array)
#5 /Applications/XAMPP/xamppfiles/htdocs/yii/framework/web/filters/CFilterChain.php(134): CController->runAction(Object(CInlineAction))
#6 /Applications/XAMPP/xamppfiles/htdocs/yii/framework/web/filters/CFilter.php(41): CFilterChain->run()
#7 /Applications/XAMPP/xamppfiles/htdocs/yii/framework/web/CController.php(1146): CFilter->filter(Object(CFilterChain))
#8 /Applications/XAMPP/xamppfiles/htdocs/yii/framework/web/filters/CInlineFilter.php(59): CController->filterAccessControl(Object(CFilterChain))
#9 /Applications/XAMPP/xamppfiles/htdocs/yii/framework/web/filters/CFilterChain.php(131): CInlineFilter->filter(Object(CFilterChain))
#10 /Applications/XAMPP/xamppfiles/htdocs/yii/framework/web/CController.php(292): CFilterChain->run()
#11 /Applications/XAMPP/xamppfiles/htdocs/yii/framework/web/CController.php(266): CController->runActionWithFilters(Object(CInlineAction), Array)
#12 /Applications/XAMPP/xamppfiles/htdocs/yii/framework/web/CWebApplication.php(283): CController->run('create')
#13 /Applications/XAMPP/xamppfiles/htdocs/yii/framework/web/CWebApplication.php(142): CWebApplication->runController('manager/create')
#14 /Applications/XAMPP/xamppfiles/htdocs/yii/framework/base/CApplication.php(162): CWebApplication->processRequest()
#15 /Applications/XAMPP/xamppfiles/htdocs/GestionCompetance/index.php(13): CApplication->run()
#16 {main}
REQUEST_URI=/GestionCompetance/index.php?r=manager/create
HTTP_REFERER=http://localhost/GestionCompetance/index.php?r=manager/create
---
